{"/Users/mauroociappina/Desktop/Proyectos/ale proyecto/postulate-client/src/api/apiAxios.ts": {"path":"/Users/mauroociappina/Desktop/Proyectos/ale proyecto/postulate-client/src/api/apiAxios.ts","statementMap":{"0":{"start":{"line":4,"column":13},"end":{"line":4,"column":40}},"1":{"start":{"line":13,"column":9},"end":{"line":13,"column":18}},"2":{"start":{"line":5,"column":13},"end":{"line":5,"column":40}},"3":{"start":{"line":13,"column":18},"end":{"line":13,"column":null}}},"fnMap":{},"branchMap":{},"s":{"0":1,"1":1,"2":1,"3":1},"f":{},"b":{}}
,"/Users/mauroociappina/Desktop/Proyectos/ale proyecto/postulate-client/src/api/auth.ts": {"path":"/Users/mauroociappina/Desktop/Proyectos/ale proyecto/postulate-client/src/api/auth.ts","statementMap":{"0":{"start":{"line":1,"column":0},"end":{"line":1,"column":null}},"1":{"start":{"line":8,"column":13},"end":{"line":21,"column":null}},"2":{"start":{"line":11,"column":4},"end":{"line":11,"column":67}},"3":{"start":{"line":15,"column":4},"end":{"line":15,"column":65}},"4":{"start":{"line":19,"column":4},"end":{"line":19,"column":null}}},"fnMap":{"0":{"name":"(anonymous_0)","decl":{"start":{"line":10,"column":10},"end":{"line":10,"column":35}},"loc":{"start":{"line":11,"column":4},"end":{"line":11,"column":67}}},"1":{"name":"(anonymous_1)","decl":{"start":{"line":14,"column":13},"end":{"line":14,"column":38}},"loc":{"start":{"line":15,"column":4},"end":{"line":15,"column":65}}},"2":{"name":"(anonymous_2)","decl":{"start":{"line":18,"column":17},"end":{"line":18,"column":18}},"loc":{"start":{"line":18,"column":138},"end":{"line":20,"column":null}}}},"branchMap":{},"s":{"0":1,"1":1,"2":0,"3":0,"4":0},"f":{"0":0,"1":0,"2":0},"b":{}}
,"/Users/mauroociappina/Desktop/Proyectos/ale proyecto/postulate-client/src/api/client.ts": {"path":"/Users/mauroociappina/Desktop/Proyectos/ale proyecto/postulate-client/src/api/client.ts","statementMap":{"0":{"start":{"line":1,"column":0},"end":{"line":1,"column":null}},"1":{"start":{"line":2,"column":0},"end":{"line":2,"column":null}},"2":{"start":{"line":3,"column":0},"end":{"line":3,"column":null}},"3":{"start":{"line":10,"column":13},"end":{"line":17,"column":null}},"4":{"start":{"line":22,"column":0},"end":{"line":25,"column":null}},"5":{"start":{"line":27,"column":0},"end":{"line":30,"column":null}},"6":{"start":{"line":33,"column":13},"end":{"line":59,"column":null}},"7":{"start":{"line":36,"column":21},"end":{"line":36,"column":53}},"8":{"start":{"line":37,"column":4},"end":{"line":37,"column":null}},"9":{"start":{"line":41,"column":21},"end":{"line":41,"column":60}},"10":{"start":{"line":42,"column":4},"end":{"line":42,"column":null}},"11":{"start":{"line":46,"column":21},"end":{"line":46,"column":51}},"12":{"start":{"line":47,"column":4},"end":{"line":47,"column":null}},"13":{"start":{"line":51,"column":21},"end":{"line":51,"column":53}},"14":{"start":{"line":52,"column":4},"end":{"line":52,"column":null}},"15":{"start":{"line":56,"column":21},"end":{"line":56,"column":48}},"16":{"start":{"line":57,"column":4},"end":{"line":57,"column":null}}},"fnMap":{"0":{"name":"(anonymous_1)","decl":{"start":{"line":35,"column":7},"end":{"line":35,"column":17}},"loc":{"start":{"line":35,"column":61},"end":{"line":38,"column":3}}},"1":{"name":"(anonymous_2)","decl":{"start":{"line":40,"column":8},"end":{"line":40,"column":18}},"loc":{"start":{"line":40,"column":77},"end":{"line":43,"column":3}}},"2":{"name":"(anonymous_3)","decl":{"start":{"line":45,"column":7},"end":{"line":45,"column":17}},"loc":{"start":{"line":45,"column":47},"end":{"line":48,"column":3}}},"3":{"name":"(anonymous_4)","decl":{"start":{"line":50,"column":9},"end":{"line":50,"column":19}},"loc":{"start":{"line":50,"column":49},"end":{"line":53,"column":3}}},"4":{"name":"(anonymous_5)","decl":{"start":{"line":55,"column":10},"end":{"line":55,"column":20}},"loc":{"start":{"line":55,"column":35},"end":{"line":58,"column":null}}}},"branchMap":{"0":{"loc":{"start":{"line":14,"column":8},"end":{"line":14,"column":47}},"type":"cond-expr","locations":[{"start":{"line":14,"column":18},"end":{"line":14,"column":42}},{"start":{"line":14,"column":45},"end":{"line":14,"column":47}}]}},"s":{"0":1,"1":1,"2":1,"3":1,"4":1,"5":1,"6":1,"7":0,"8":0,"9":0,"10":0,"11":0,"12":0,"13":0,"14":0,"15":0,"16":0},"f":{"0":0,"1":0,"2":0,"3":0,"4":0},"b":{"0":[1,0]}}
,"/Users/mauroociappina/Desktop/Proyectos/ale proyecto/postulate-client/src/api/index.ts": {"path":"/Users/mauroociappina/Desktop/Proyectos/ale proyecto/postulate-client/src/api/index.ts","statementMap":{"0":{"start":{"line":2,"column":0},"end":{"line":2,"column":9}},"1":{"start":{"line":2,"column":9},"end":{"line":2,"column":null}},"2":{"start":{"line":5,"column":0},"end":{"line":5,"column":9}},"3":{"start":{"line":5,"column":9},"end":{"line":5,"column":null}},"4":{"start":{"line":6,"column":0},"end":{"line":6,"column":9}},"5":{"start":{"line":6,"column":9},"end":{"line":6,"column":null}}},"fnMap":{"0":{"name":"(anonymous_0)","decl":{"start":{"line":2,"column":9},"end":{"line":2,"column":15}},"loc":{"start":{"line":2,"column":9},"end":{"line":2,"column":null}}},"1":{"name":"(anonymous_1)","decl":{"start":{"line":5,"column":9},"end":{"line":5,"column":24}},"loc":{"start":{"line":5,"column":9},"end":{"line":5,"column":null}}},"2":{"name":"(anonymous_2)","decl":{"start":{"line":6,"column":9},"end":{"line":6,"column":16}},"loc":{"start":{"line":6,"column":9},"end":{"line":6,"column":null}}}},"branchMap":{},"s":{"0":1,"1":1,"2":1,"3":1,"4":1,"5":1},"f":{"0":0,"1":0,"2":0},"b":{}}
,"/Users/mauroociappina/Desktop/Proyectos/ale proyecto/postulate-client/src/api/postulations.ts": {"path":"/Users/mauroociappina/Desktop/Proyectos/ale proyecto/postulate-client/src/api/postulations.ts","statementMap":{"0":{"start":{"line":1,"column":0},"end":{"line":1,"column":null}},"1":{"start":{"line":3,"column":0},"end":{"line":3,"column":null}},"2":{"start":{"line":7,"column":0},"end":{"line":7,"column":null}},"3":{"start":{"line":20,"column":17},"end":{"line":20,"column":32}},"4":{"start":{"line":21,"column":24},"end":{"line":23,"column":null}},"5":{"start":{"line":26,"column":24},"end":{"line":46,"column":1}},"6":{"start":{"line":27,"column":17},"end":{"line":33,"column":4}},"7":{"start":{"line":35,"column":2},"end":{"line":38,"column":null}},"8":{"start":{"line":40,"column":2},"end":{"line":43,"column":null}},"9":{"start":{"line":45,"column":2},"end":{"line":45,"column":null}},"10":{"start":{"line":54,"column":13},"end":{"line":54,"column":null}},"11":{"start":{"line":57,"column":13},"end":{"line":103,"column":null}},"12":{"start":{"line":59,"column":4},"end":{"line":59,"column":91}},"13":{"start":{"line":61,"column":27},"end":{"line":61,"column":96}},"14":{"start":{"line":64,"column":4},"end":{"line":74,"column":null}},"15":{"start":{"line":66,"column":23},"end":{"line":67,"column":null}},"16":{"start":{"line":70,"column":6},"end":{"line":70,"column":null}},"17":{"start":{"line":72,"column":6},"end":{"line":72,"column":null}},"18":{"start":{"line":73,"column":6},"end":{"line":73,"column":null}},"19":{"start":{"line":78,"column":4},"end":{"line":78,"column":69}},"20":{"start":{"line":82,"column":4},"end":{"line":96,"column":null}},"21":{"start":{"line":101,"column":5},"end":{"line":101,"column":null}}},"fnMap":{"0":{"name":"(anonymous_1)","decl":{"start":{"line":26,"column":24},"end":{"line":26,"column":44}},"loc":{"start":{"line":26,"column":44},"end":{"line":46,"column":1}}},"1":{"name":"(anonymous_2)","decl":{"start":{"line":58,"column":11},"end":{"line":58,"column":25}},"loc":{"start":{"line":59,"column":4},"end":{"line":59,"column":91}}},"2":{"name":"(anonymous_3)","decl":{"start":{"line":61,"column":12},"end":{"line":61,"column":22}},"loc":{"start":{"line":61,"column":27},"end":{"line":61,"column":96}}},"3":{"name":"(anonymous_4)","decl":{"start":{"line":63,"column":15},"end":{"line":63,"column":22}},"loc":{"start":{"line":63,"column":84},"end":{"line":75,"column":3}}},"4":{"name":"(anonymous_5)","decl":{"start":{"line":77,"column":11},"end":{"line":77,"column":41}},"loc":{"start":{"line":78,"column":4},"end":{"line":78,"column":69}}},"5":{"name":"(anonymous_6)","decl":{"start":{"line":80,"column":10},"end":{"line":80,"column":11}},"loc":{"start":{"line":80,"column":57},"end":{"line":97,"column":3}}},"6":{"name":"(anonymous_7)","decl":{"start":{"line":99,"column":12},"end":{"line":99,"column":22}},"loc":{"start":{"line":99,"column":26},"end":{"line":102,"column":null}}}},"branchMap":{"0":{"loc":{"start":{"line":31,"column":10},"end":{"line":31,"column":45}},"type":"binary-expr","locations":[{"start":{"line":31,"column":10},"end":{"line":31,"column":17}},{"start":{"line":31,"column":21},"end":{"line":31,"column":45}}]}},"s":{"0":1,"1":1,"2":1,"3":1,"4":1,"5":1,"6":1,"7":1,"8":1,"9":1,"10":1,"11":1,"12":0,"13":0,"14":0,"15":0,"16":0,"17":0,"18":0,"19":0,"20":0,"21":0},"f":{"0":1,"1":0,"2":0,"3":0,"4":0,"5":0,"6":0},"b":{"0":[1,1]}}
,"/Users/mauroociappina/Desktop/Proyectos/ale proyecto/postulate-client/src/api/interceptors/auth.interceptors.ts": {"path":"/Users/mauroociappina/Desktop/Proyectos/ale proyecto/postulate-client/src/api/interceptors/auth.interceptors.ts","statementMap":{"0":{"start":{"line":2,"column":0},"end":{"line":2,"column":null}},"1":{"start":{"line":5,"column":13},"end":{"line":19,"column":null}},"2":{"start":{"line":7,"column":18},"end":{"line":7,"column":47}},"3":{"start":{"line":8,"column":4},"end":{"line":13,"column":null}},"4":{"start":{"line":9,"column":6},"end":{"line":12,"column":null}},"5":{"start":{"line":14,"column":4},"end":{"line":14,"column":null}},"6":{"start":{"line":17,"column":4},"end":{"line":17,"column":null}},"7":{"start":{"line":22,"column":13},"end":{"line":43,"column":null}},"8":{"start":{"line":23,"column":44},"end":{"line":23,"column":52}},"9":{"start":{"line":25,"column":4},"end":{"line":28,"column":null}},"10":{"start":{"line":26,"column":6},"end":{"line":26,"column":null}},"11":{"start":{"line":27,"column":6},"end":{"line":27,"column":null}},"12":{"start":{"line":32,"column":4},"end":{"line":40,"column":null}},"13":{"start":{"line":33,"column":34},"end":{"line":33,"column":57}},"14":{"start":{"line":34,"column":6},"end":{"line":39,"column":null}},"15":{"start":{"line":35,"column":8},"end":{"line":35,"column":null}},"16":{"start":{"line":37,"column":8},"end":{"line":37,"column":null}},"17":{"start":{"line":38,"column":8},"end":{"line":38,"column":null}},"18":{"start":{"line":41,"column":4},"end":{"line":41,"column":null}}},"fnMap":{"0":{"name":"(anonymous_0)","decl":{"start":{"line":6,"column":16},"end":{"line":6,"column":50}},"loc":{"start":{"line":6,"column":54},"end":{"line":15,"column":3}}},"1":{"name":"(anonymous_1)","decl":{"start":{"line":16,"column":15},"end":{"line":16,"column":32}},"loc":{"start":{"line":16,"column":36},"end":{"line":18,"column":null}}},"2":{"name":"(anonymous_2)","decl":{"start":{"line":23,"column":16},"end":{"line":23,"column":39}},"loc":{"start":{"line":23,"column":44},"end":{"line":23,"column":52}}},"3":{"name":"(anonymous_3)","decl":{"start":{"line":24,"column":15},"end":{"line":24,"column":32}},"loc":{"start":{"line":24,"column":36},"end":{"line":42,"column":null}}}},"branchMap":{"0":{"loc":{"start":{"line":8,"column":4},"end":{"line":13,"column":null}},"type":"if","locations":[{"start":{"line":8,"column":4},"end":{"line":13,"column":null}}]},"1":{"loc":{"start":{"line":25,"column":4},"end":{"line":28,"column":null}},"type":"if","locations":[{"start":{"line":25,"column":4},"end":{"line":28,"column":null}}]},"2":{"loc":{"start":{"line":32,"column":4},"end":{"line":40,"column":null}},"type":"if","locations":[{"start":{"line":32,"column":4},"end":{"line":40,"column":null}}]},"3":{"loc":{"start":{"line":34,"column":6},"end":{"line":39,"column":null}},"type":"if","locations":[{"start":{"line":34,"column":6},"end":{"line":39,"column":null}}]}},"s":{"0":1,"1":1,"2":0,"3":0,"4":0,"5":0,"6":0,"7":1,"8":0,"9":0,"10":0,"11":0,"12":0,"13":0,"14":0,"15":0,"16":0,"17":0,"18":0},"f":{"0":0,"1":0,"2":0,"3":0},"b":{"0":[0],"1":[0],"2":[0],"3":[0]}}
,"/Users/mauroociappina/Desktop/Proyectos/ale proyecto/postulate-client/src/api/interceptors/postulation.interceptor.ts": {"path":"/Users/mauroociappina/Desktop/Proyectos/ale proyecto/postulate-client/src/api/interceptors/postulation.interceptor.ts","statementMap":{"0":{"start":{"line":2,"column":0},"end":{"line":2,"column":null}},"1":{"start":{"line":5,"column":27},"end":{"line":24,"column":1}},"2":{"start":{"line":6,"column":2},"end":{"line":23,"column":null}},"3":{"start":{"line":7,"column":18},"end":{"line":7,"column":47}},"4":{"start":{"line":10,"column":4},"end":{"line":13,"column":null}},"5":{"start":{"line":11,"column":6},"end":{"line":11,"column":null}},"6":{"start":{"line":12,"column":6},"end":{"line":12,"column":null}},"7":{"start":{"line":15,"column":24},"end":{"line":15,"column":40}},"8":{"start":{"line":16,"column":27},"end":{"line":16,"column":52}},"9":{"start":{"line":19,"column":4},"end":{"line":19,"column":null}},"10":{"start":{"line":21,"column":4},"end":{"line":21,"column":null}},"11":{"start":{"line":22,"column":4},"end":{"line":22,"column":null}},"12":{"start":{"line":27,"column":13},"end":{"line":115,"column":null}},"13":{"start":{"line":32,"column":4},"end":{"line":94,"column":null}},"14":{"start":{"line":38,"column":21},"end":{"line":38,"column":41}},"15":{"start":{"line":40,"column":6},"end":{"line":43,"column":null}},"16":{"start":{"line":42,"column":8},"end":{"line":42,"column":null}},"17":{"start":{"line":46,"column":19},"end":{"line":46,"column":90}},"18":{"start":{"line":48,"column":6},"end":{"line":85,"column":null}},"19":{"start":{"line":50,"column":30},"end":{"line":64,"column":null}},"20":{"start":{"line":67,"column":8},"end":{"line":67,"column":null}},"21":{"start":{"line":70,"column":30},"end":{"line":81,"column":null}},"22":{"start":{"line":84,"column":8},"end":{"line":84,"column":null}},"23":{"start":{"line":90,"column":6},"end":{"line":93,"column":null}},"24":{"start":{"line":91,"column":8},"end":{"line":91,"column":null}},"25":{"start":{"line":96,"column":18},"end":{"line":96,"column":47}},"26":{"start":{"line":97,"column":4},"end":{"line":103,"column":null}},"27":{"start":{"line":99,"column":6},"end":{"line":102,"column":null}},"28":{"start":{"line":106,"column":4},"end":{"line":107,"column":null}},"29":{"start":{"line":109,"column":4},"end":{"line":109,"column":null}},"30":{"start":{"line":113,"column":4},"end":{"line":113,"column":null}},"31":{"start":{"line":118,"column":13},"end":{"line":127,"column":null}},"32":{"start":{"line":121,"column":4},"end":{"line":121,"column":null}},"33":{"start":{"line":125,"column":4},"end":{"line":125,"column":null}}},"fnMap":{"0":{"name":"(anonymous_0)","decl":{"start":{"line":5,"column":27},"end":{"line":5,"column":32}},"loc":{"start":{"line":5,"column":32},"end":{"line":24,"column":1}}},"1":{"name":"(anonymous_1)","decl":{"start":{"line":28,"column":16},"end":{"line":28,"column":50}},"loc":{"start":{"line":28,"column":54},"end":{"line":110,"column":3}}},"2":{"name":"(anonymous_2)","decl":{"start":{"line":111,"column":15},"end":{"line":111,"column":32}},"loc":{"start":{"line":111,"column":36},"end":{"line":114,"column":null}}},"3":{"name":"(anonymous_3)","decl":{"start":{"line":119,"column":16},"end":{"line":119,"column":39}},"loc":{"start":{"line":119,"column":43},"end":{"line":122,"column":3}}},"4":{"name":"(anonymous_4)","decl":{"start":{"line":123,"column":15},"end":{"line":123,"column":32}},"loc":{"start":{"line":123,"column":36},"end":{"line":126,"column":null}}}},"branchMap":{"0":{"loc":{"start":{"line":10,"column":4},"end":{"line":13,"column":null}},"type":"if","locations":[{"start":{"line":10,"column":4},"end":{"line":13,"column":null}}]},"1":{"loc":{"start":{"line":19,"column":11},"end":{"line":19,"column":53}},"type":"binary-expr","locations":[{"start":{"line":19,"column":11},"end":{"line":19,"column":28}},{"start":{"line":19,"column":32},"end":{"line":19,"column":53}}]},"2":{"loc":{"start":{"line":32,"column":4},"end":{"line":94,"column":null}},"type":"if","locations":[{"start":{"line":32,"column":4},"end":{"line":94,"column":null}}]},"3":{"loc":{"start":{"line":33,"column":6},"end":{"line":34,"column":61}},"type":"binary-expr","locations":[{"start":{"line":33,"column":6},"end":{"line":33,"column":43}},{"start":{"line":34,"column":7},"end":{"line":34,"column":31}},{"start":{"line":34,"column":35},"end":{"line":34,"column":60}}]},"4":{"loc":{"start":{"line":40,"column":6},"end":{"line":43,"column":null}},"type":"if","locations":[{"start":{"line":40,"column":6},"end":{"line":43,"column":null}}]},"5":{"loc":{"start":{"line":46,"column":19},"end":{"line":46,"column":90}},"type":"cond-expr","locations":[{"start":{"line":46,"column":53},"end":{"line":46,"column":76}},{"start":{"line":46,"column":79},"end":{"line":46,"column":90}}]},"6":{"loc":{"start":{"line":48,"column":6},"end":{"line":85,"column":null}},"type":"if","locations":[{"start":{"line":48,"column":6},"end":{"line":85,"column":null}},{"start":{"line":68,"column":13},"end":{"line":85,"column":null}}]},"7":{"loc":{"start":{"line":56,"column":18},"end":{"line":56,"column":39}},"type":"binary-expr","locations":[{"start":{"line":56,"column":18},"end":{"line":56,"column":33}},{"start":{"line":56,"column":37},"end":{"line":56,"column":39}}]},"8":{"loc":{"start":{"line":57,"column":25},"end":{"line":57,"column":53}},"type":"binary-expr","locations":[{"start":{"line":57,"column":25},"end":{"line":57,"column":47}},{"start":{"line":57,"column":51},"end":{"line":57,"column":53}}]},"9":{"loc":{"start":{"line":58,"column":20},"end":{"line":58,"column":46}},"type":"binary-expr","locations":[{"start":{"line":58,"column":20},"end":{"line":58,"column":37}},{"start":{"line":58,"column":41},"end":{"line":58,"column":46}}]},"10":{"loc":{"start":{"line":59,"column":23},"end":{"line":59,"column":52}},"type":"binary-expr","locations":[{"start":{"line":59,"column":23},"end":{"line":59,"column":43}},{"start":{"line":59,"column":47},"end":{"line":59,"column":52}}]},"11":{"loc":{"start":{"line":60,"column":30},"end":{"line":60,"column":63}},"type":"binary-expr","locations":[{"start":{"line":60,"column":30},"end":{"line":60,"column":57}},{"start":{"line":60,"column":61},"end":{"line":60,"column":63}}]},"12":{"loc":{"start":{"line":75,"column":16},"end":{"line":75,"column":31}},"type":"binary-expr","locations":[{"start":{"line":75,"column":16},"end":{"line":75,"column":25}},{"start":{"line":75,"column":29},"end":{"line":75,"column":31}}]},"13":{"loc":{"start":{"line":76,"column":23},"end":{"line":76,"column":45}},"type":"binary-expr","locations":[{"start":{"line":76,"column":23},"end":{"line":76,"column":39}},{"start":{"line":76,"column":43},"end":{"line":76,"column":45}}]},"14":{"loc":{"start":{"line":77,"column":18},"end":{"line":77,"column":38}},"type":"binary-expr","locations":[{"start":{"line":77,"column":18},"end":{"line":77,"column":29}},{"start":{"line":77,"column":33},"end":{"line":77,"column":38}}]},"15":{"loc":{"start":{"line":78,"column":21},"end":{"line":78,"column":44}},"type":"binary-expr","locations":[{"start":{"line":78,"column":21},"end":{"line":78,"column":35}},{"start":{"line":78,"column":39},"end":{"line":78,"column":44}}]},"16":{"loc":{"start":{"line":79,"column":28},"end":{"line":79,"column":55}},"type":"binary-expr","locations":[{"start":{"line":79,"column":28},"end":{"line":79,"column":49}},{"start":{"line":79,"column":53},"end":{"line":79,"column":55}}]},"17":{"loc":{"start":{"line":90,"column":6},"end":{"line":93,"column":null}},"type":"if","locations":[{"start":{"line":90,"column":6},"end":{"line":93,"column":null}}]},"18":{"loc":{"start":{"line":90,"column":10},"end":{"line":90,"column":46}},"type":"binary-expr","locations":[{"start":{"line":90,"column":10},"end":{"line":90,"column":35}},{"start":{"line":90,"column":39},"end":{"line":90,"column":46}}]},"19":{"loc":{"start":{"line":97,"column":4},"end":{"line":103,"column":null}},"type":"if","locations":[{"start":{"line":97,"column":4},"end":{"line":103,"column":null}}]},"20":{"loc":{"start":{"line":106,"column":4},"end":{"line":107,"column":null}},"type":"if","locations":[{"start":{"line":106,"column":4},"end":{"line":107,"column":null}}]}},"s":{"0":1,"1":1,"2":0,"3":0,"4":0,"5":0,"6":0,"7":0,"8":0,"9":0,"10":0,"11":0,"12":1,"13":0,"14":0,"15":0,"16":0,"17":0,"18":0,"19":0,"20":0,"21":0,"22":0,"23":0,"24":0,"25":0,"26":0,"27":0,"28":0,"29":0,"30":0,"31":1,"32":0,"33":0},"f":{"0":0,"1":0,"2":0,"3":0,"4":0},"b":{"0":[0],"1":[0,0],"2":[0],"3":[0,0,0],"4":[0],"5":[0,0],"6":[0,0],"7":[0,0],"8":[0,0],"9":[0,0],"10":[0,0],"11":[0,0],"12":[0,0],"13":[0,0],"14":[0,0],"15":[0,0],"16":[0,0],"17":[0],"18":[0,0],"19":[0],"20":[0]}}
,"/Users/mauroociappina/Desktop/Proyectos/ale proyecto/postulate-client/src/hooks/useApplicationForm.ts": {"path":"/Users/mauroociappina/Desktop/Proyectos/ale proyecto/postulate-client/src/hooks/useApplicationForm.ts","statementMap":{"0":{"start":{"line":1,"column":0},"end":{"line":1,"column":null}},"1":{"start":{"line":2,"column":0},"end":{"line":2,"column":null}},"2":{"start":{"line":3,"column":0},"end":{"line":3,"column":null}},"3":{"start":{"line":4,"column":0},"end":{"line":4,"column":null}},"4":{"start":{"line":6,"column":0},"end":{"line":6,"column":null}},"5":{"start":{"line":40,"column":34},"end":{"line":313,"column":1}},"6":{"start":{"line":41,"column":17},"end":{"line":41,"column":28}},"7":{"start":{"line":42,"column":19},"end":{"line":42,"column":32}},"8":{"start":{"line":43,"column":64},"end":{"line":43,"column":86}},"9":{"start":{"line":44,"column":19},"end":{"line":44,"column":33}},"10":{"start":{"line":46,"column":32},"end":{"line":46,"column":44}},"11":{"start":{"line":47,"column":34},"end":{"line":47,"column":46}},"12":{"start":{"line":48,"column":30},"end":{"line":48,"column":68}},"13":{"start":{"line":49,"column":26},"end":{"line":49,"column":38}},"14":{"start":{"line":50,"column":24},"end":{"line":50,"column":36}},"15":{"start":{"line":51,"column":30},"end":{"line":51,"column":44}},"16":{"start":{"line":52,"column":36},"end":{"line":52,"column":50}},"17":{"start":{"line":53,"column":28},"end":{"line":53,"column":40}},"18":{"start":{"line":54,"column":50},"end":{"line":54,"column":62}},"19":{"start":{"line":56,"column":54},"end":{"line":56,"column":69}},"20":{"start":{"line":57,"column":30},"end":{"line":57,"column":66}},"21":{"start":{"line":58,"column":42},"end":{"line":58,"column":57}},"22":{"start":{"line":60,"column":40},"end":{"line":62,"column":7}},"23":{"start":{"line":63,"column":36},"end":{"line":63,"column":73}},"24":{"start":{"line":65,"column":24},"end":{"line":99,"column":8}},"25":{"start":{"line":66,"column":4},"end":{"line":98,"column":null}},"26":{"start":{"line":68,"column":8},"end":{"line":73,"column":null}},"27":{"start":{"line":75,"column":8},"end":{"line":80,"column":null}},"28":{"start":{"line":82,"column":8},"end":{"line":88,"column":null}},"29":{"start":{"line":90,"column":8},"end":{"line":95,"column":null}},"30":{"start":{"line":97,"column":8},"end":{"line":97,"column":null}},"31":{"start":{"line":101,"column":28},"end":{"line":116,"column":null}},"32":{"start":{"line":103,"column":6},"end":{"line":113,"column":null}},"33":{"start":{"line":105,"column":10},"end":{"line":105,"column":null}},"34":{"start":{"line":106,"column":10},"end":{"line":106,"column":null}},"35":{"start":{"line":108,"column":10},"end":{"line":108,"column":null}},"36":{"start":{"line":109,"column":10},"end":{"line":109,"column":null}},"37":{"start":{"line":111,"column":10},"end":{"line":111,"column":null}},"38":{"start":{"line":112,"column":10},"end":{"line":112,"column":null}},"39":{"start":{"line":114,"column":6},"end":{"line":114,"column":null}},"40":{"start":{"line":114,"column":30},"end":{"line":114,"column":77}},"41":{"start":{"line":119,"column":26},"end":{"line":124,"column":null}},"42":{"start":{"line":121,"column":6},"end":{"line":121,"column":null}},"43":{"start":{"line":121,"column":28},"end":{"line":121,"column":53}},"44":{"start":{"line":122,"column":6},"end":{"line":122,"column":null}},"45":{"start":{"line":122,"column":30},"end":{"line":122,"column":77}},"46":{"start":{"line":127,"column":2},"end":{"line":143,"column":null}},"47":{"start":{"line":128,"column":30},"end":{"line":133,"column":null}},"48":{"start":{"line":135,"column":23},"end":{"line":138,"column":6}},"49":{"start":{"line":136,"column":23},"end":{"line":136,"column":60}},"50":{"start":{"line":137,"column":6},"end":{"line":137,"column":null}},"51":{"start":{"line":140,"column":4},"end":{"line":142,"column":null}},"52":{"start":{"line":141,"column":6},"end":{"line":141,"column":null}},"53":{"start":{"line":145,"column":23},"end":{"line":178,"column":64}},"54":{"start":{"line":146,"column":46},"end":{"line":146,"column":48}},"55":{"start":{"line":147,"column":83},"end":{"line":147,"column":85}},"56":{"start":{"line":149,"column":4},"end":{"line":149,"column":null}},"57":{"start":{"line":150,"column":4},"end":{"line":150,"column":null}},"58":{"start":{"line":151,"column":4},"end":{"line":151,"column":null}},"59":{"start":{"line":152,"column":4},"end":{"line":152,"column":null}},"60":{"start":{"line":154,"column":4},"end":{"line":156,"column":null}},"61":{"start":{"line":155,"column":6},"end":{"line":155,"column":null}},"62":{"start":{"line":157,"column":4},"end":{"line":159,"column":null}},"63":{"start":{"line":158,"column":6},"end":{"line":158,"column":null}},"64":{"start":{"line":160,"column":4},"end":{"line":162,"column":null}},"65":{"start":{"line":161,"column":6},"end":{"line":161,"column":null}},"66":{"start":{"line":163,"column":4},"end":{"line":165,"column":null}},"67":{"start":{"line":164,"column":6},"end":{"line":164,"column":null}},"68":{"start":{"line":167,"column":22},"end":{"line":167,"column":55}},"69":{"start":{"line":168,"column":29},"end":{"line":169,"column":null}},"70":{"start":{"line":169,"column":13},"end":{"line":169,"column":85}},"71":{"start":{"line":172,"column":4},"end":{"line":175,"column":null}},"72":{"start":{"line":173,"column":6},"end":{"line":173,"column":null}},"73":{"start":{"line":174,"column":6},"end":{"line":174,"column":null}},"74":{"start":{"line":177,"column":4},"end":{"line":177,"column":null}},"75":{"start":{"line":180,"column":23},"end":{"line":231,"column":3}},"76":{"start":{"line":181,"column":4},"end":{"line":181,"column":null}},"77":{"start":{"line":182,"column":4},"end":{"line":182,"column":null}},"78":{"start":{"line":185,"column":4},"end":{"line":189,"column":null}},"79":{"start":{"line":187,"column":6},"end":{"line":187,"column":null}},"80":{"start":{"line":188,"column":6},"end":{"line":188,"column":null}},"81":{"start":{"line":191,"column":4},"end":{"line":230,"column":null}},"82":{"start":{"line":192,"column":6},"end":{"line":194,"column":null}},"83":{"start":{"line":193,"column":8},"end":{"line":193,"column":null}},"84":{"start":{"line":196,"column":6},"end":{"line":201,"column":null}},"85":{"start":{"line":198,"column":8},"end":{"line":198,"column":null}},"86":{"start":{"line":199,"column":8},"end":{"line":199,"column":null}},"87":{"start":{"line":200,"column":8},"end":{"line":200,"column":null}},"88":{"start":{"line":203,"column":28},"end":{"line":203,"column":73}},"89":{"start":{"line":205,"column":22},"end":{"line":216,"column":null}},"90":{"start":{"line":218,"column":6},"end":{"line":222,"column":null}},"91":{"start":{"line":219,"column":8},"end":{"line":219,"column":null}},"92":{"start":{"line":221,"column":8},"end":{"line":221,"column":null}},"93":{"start":{"line":224,"column":6},"end":{"line":224,"column":null}},"94":{"start":{"line":226,"column":6},"end":{"line":226,"column":null}},"95":{"start":{"line":227,"column":6},"end":{"line":227,"column":null}},"96":{"start":{"line":229,"column":6},"end":{"line":229,"column":null}},"97":{"start":{"line":233,"column":20},"end":{"line":246,"column":8}},"98":{"start":{"line":234,"column":4},"end":{"line":234,"column":null}},"99":{"start":{"line":235,"column":4},"end":{"line":235,"column":null}},"100":{"start":{"line":236,"column":4},"end":{"line":236,"column":null}},"101":{"start":{"line":237,"column":4},"end":{"line":237,"column":null}},"102":{"start":{"line":238,"column":4},"end":{"line":238,"column":null}},"103":{"start":{"line":239,"column":4},"end":{"line":239,"column":null}},"104":{"start":{"line":240,"column":4},"end":{"line":240,"column":null}},"105":{"start":{"line":241,"column":4},"end":{"line":241,"column":null}},"106":{"start":{"line":242,"column":4},"end":{"line":242,"column":null}},"107":{"start":{"line":243,"column":4},"end":{"line":243,"column":null}},"108":{"start":{"line":244,"column":4},"end":{"line":244,"column":null}},"109":{"start":{"line":245,"column":4},"end":{"line":245,"column":null}},"110":{"start":{"line":248,"column":31},"end":{"line":280,"column":4}},"111":{"start":{"line":249,"column":4},"end":{"line":251,"column":null}},"112":{"start":{"line":250,"column":6},"end":{"line":250,"column":null}},"113":{"start":{"line":252,"column":4},"end":{"line":252,"column":null}},"114":{"start":{"line":253,"column":4},"end":{"line":264,"column":null}},"115":{"start":{"line":265,"column":4},"end":{"line":265,"column":null}},"116":{"start":{"line":266,"column":4},"end":{"line":266,"column":null}},"117":{"start":{"line":282,"column":2},"end":{"line":312,"column":null}},"118":{"start":{"line":40,"column":13},"end":{"line":40,"column":34}}},"fnMap":{"0":{"name":"(anonymous_0)","decl":{"start":{"line":40,"column":34},"end":{"line":40,"column":65}},"loc":{"start":{"line":40,"column":65},"end":{"line":313,"column":1}}},"1":{"name":"(anonymous_1)","decl":{"start":{"line":65,"column":36},"end":{"line":65,"column":37}},"loc":{"start":{"line":65,"column":68},"end":{"line":99,"column":3}}},"2":{"name":"(anonymous_2)","decl":{"start":{"line":102,"column":4},"end":{"line":102,"column":5}},"loc":{"start":{"line":102,"column":36},"end":{"line":115,"column":5}}},"3":{"name":"(anonymous_3)","decl":{"start":{"line":114,"column":21},"end":{"line":114,"column":25}},"loc":{"start":{"line":114,"column":30},"end":{"line":114,"column":77}}},"4":{"name":"(anonymous_4)","decl":{"start":{"line":120,"column":4},"end":{"line":120,"column":5}},"loc":{"start":{"line":120,"column":36},"end":{"line":123,"column":5}}},"5":{"name":"(anonymous_5)","decl":{"start":{"line":121,"column":19},"end":{"line":121,"column":23}},"loc":{"start":{"line":121,"column":28},"end":{"line":121,"column":53}}},"6":{"name":"(anonymous_6)","decl":{"start":{"line":122,"column":21},"end":{"line":122,"column":25}},"loc":{"start":{"line":122,"column":30},"end":{"line":122,"column":77}}},"7":{"name":"(anonymous_7)","decl":{"start":{"line":127,"column":12},"end":{"line":127,"column":17}},"loc":{"start":{"line":127,"column":17},"end":{"line":143,"column":3}}},"8":{"name":"(anonymous_8)","decl":{"start":{"line":135,"column":59},"end":{"line":135,"column":62}},"loc":{"start":{"line":135,"column":65},"end":{"line":138,"column":5}}},"9":{"name":"(anonymous_9)","decl":{"start":{"line":145,"column":35},"end":{"line":145,"column":40}},"loc":{"start":{"line":145,"column":40},"end":{"line":178,"column":3}}},"10":{"name":"(anonymous_10)","decl":{"start":{"line":169,"column":6},"end":{"line":169,"column":9}},"loc":{"start":{"line":169,"column":13},"end":{"line":169,"column":85}}},"11":{"name":"(anonymous_11)","decl":{"start":{"line":180,"column":23},"end":{"line":180,"column":30}},"loc":{"start":{"line":180,"column":52},"end":{"line":231,"column":3}}},"12":{"name":"(anonymous_12)","decl":{"start":{"line":233,"column":32},"end":{"line":233,"column":37}},"loc":{"start":{"line":233,"column":37},"end":{"line":246,"column":3}}},"13":{"name":"(anonymous_13)","decl":{"start":{"line":248,"column":43},"end":{"line":248,"column":48}},"loc":{"start":{"line":248,"column":48},"end":{"line":267,"column":3}}}},"branchMap":{"0":{"loc":{"start":{"line":66,"column":4},"end":{"line":98,"column":null}},"type":"switch","locations":[{"start":{"line":67,"column":6},"end":{"line":73,"column":null}},{"start":{"line":74,"column":6},"end":{"line":80,"column":null}},{"start":{"line":81,"column":6},"end":{"line":88,"column":null}},{"start":{"line":89,"column":6},"end":{"line":95,"column":null}},{"start":{"line":96,"column":6},"end":{"line":97,"column":null}}]},"1":{"loc":{"start":{"line":70,"column":19},"end":{"line":72,"column":null}},"type":"cond-expr","locations":[{"start":{"line":71,"column":14},"end":{"line":71,"column":52}},{"start":{"line":72,"column":14},"end":{"line":72,"column":null}}]},"2":{"loc":{"start":{"line":77,"column":19},"end":{"line":79,"column":null}},"type":"cond-expr","locations":[{"start":{"line":78,"column":14},"end":{"line":78,"column":53}},{"start":{"line":79,"column":14},"end":{"line":79,"column":null}}]},"3":{"loc":{"start":{"line":83,"column":19},"end":{"line":83,"column":64}},"type":"binary-expr","locations":[{"start":{"line":83,"column":19},"end":{"line":83,"column":25}},{"start":{"line":83,"column":29},"end":{"line":83,"column":64}}]},"4":{"loc":{"start":{"line":85,"column":12},"end":{"line":87,"column":null}},"type":"cond-expr","locations":[{"start":{"line":86,"column":16},"end":{"line":86,"column":49}},{"start":{"line":87,"column":16},"end":{"line":87,"column":null}}]},"5":{"loc":{"start":{"line":85,"column":12},"end":{"line":85,"column":57}},"type":"binary-expr","locations":[{"start":{"line":85,"column":12},"end":{"line":85,"column":17}},{"start":{"line":85,"column":21},"end":{"line":85,"column":57}}]},"6":{"loc":{"start":{"line":92,"column":19},"end":{"line":94,"column":null}},"type":"cond-expr","locations":[{"start":{"line":93,"column":14},"end":{"line":93,"column":49}},{"start":{"line":94,"column":14},"end":{"line":94,"column":null}}]},"7":{"loc":{"start":{"line":103,"column":6},"end":{"line":113,"column":null}},"type":"switch","locations":[{"start":{"line":104,"column":8},"end":{"line":106,"column":null}},{"start":{"line":107,"column":8},"end":{"line":109,"column":null}},{"start":{"line":110,"column":8},"end":{"line":112,"column":null}}]},"8":{"loc":{"start":{"line":140,"column":4},"end":{"line":142,"column":null}},"type":"if","locations":[{"start":{"line":140,"column":4},"end":{"line":142,"column":null}}]},"9":{"loc":{"start":{"line":154,"column":4},"end":{"line":156,"column":null}},"type":"if","locations":[{"start":{"line":154,"column":4},"end":{"line":156,"column":null}}]},"10":{"loc":{"start":{"line":155,"column":26},"end":{"line":155,"column":85}},"type":"binary-expr","locations":[{"start":{"line":155,"column":26},"end":{"line":155,"column":56}},{"start":{"line":155,"column":60},"end":{"line":155,"column":85}}]},"11":{"loc":{"start":{"line":157,"column":4},"end":{"line":159,"column":null}},"type":"if","locations":[{"start":{"line":157,"column":4},"end":{"line":159,"column":null}}]},"12":{"loc":{"start":{"line":158,"column":27},"end":{"line":158,"column":86}},"type":"binary-expr","locations":[{"start":{"line":158,"column":27},"end":{"line":158,"column":58}},{"start":{"line":158,"column":62},"end":{"line":158,"column":86}}]},"13":{"loc":{"start":{"line":160,"column":4},"end":{"line":162,"column":null}},"type":"if","locations":[{"start":{"line":160,"column":4},"end":{"line":162,"column":null}}]},"14":{"loc":{"start":{"line":161,"column":23},"end":{"line":161,"column":77}},"type":"binary-expr","locations":[{"start":{"line":161,"column":23},"end":{"line":161,"column":50}},{"start":{"line":161,"column":54},"end":{"line":161,"column":77}}]},"15":{"loc":{"start":{"line":163,"column":4},"end":{"line":165,"column":null}},"type":"if","locations":[{"start":{"line":163,"column":4},"end":{"line":165,"column":null}}]},"16":{"loc":{"start":{"line":164,"column":22},"end":{"line":164,"column":76}},"type":"binary-expr","locations":[{"start":{"line":164,"column":22},"end":{"line":164,"column":48}},{"start":{"line":164,"column":52},"end":{"line":164,"column":76}}]},"17":{"loc":{"start":{"line":172,"column":4},"end":{"line":175,"column":null}},"type":"if","locations":[{"start":{"line":172,"column":4},"end":{"line":175,"column":null}}]},"18":{"loc":{"start":{"line":172,"column":8},"end":{"line":172,"column":37}},"type":"binary-expr","locations":[{"start":{"line":172,"column":8},"end":{"line":172,"column":17}},{"start":{"line":172,"column":21},"end":{"line":172,"column":37}}]},"19":{"loc":{"start":{"line":185,"column":4},"end":{"line":189,"column":null}},"type":"if","locations":[{"start":{"line":185,"column":4},"end":{"line":189,"column":null}}]},"20":{"loc":{"start":{"line":192,"column":6},"end":{"line":194,"column":null}},"type":"if","locations":[{"start":{"line":192,"column":6},"end":{"line":194,"column":null}}]},"21":{"loc":{"start":{"line":192,"column":10},"end":{"line":192,"column":27}},"type":"binary-expr","locations":[{"start":{"line":192,"column":10},"end":{"line":192,"column":15}},{"start":{"line":192,"column":19},"end":{"line":192,"column":27}}]},"22":{"loc":{"start":{"line":196,"column":6},"end":{"line":201,"column":null}},"type":"if","locations":[{"start":{"line":196,"column":6},"end":{"line":201,"column":null}}]},"23":{"loc":{"start":{"line":196,"column":10},"end":{"line":196,"column":50}},"type":"binary-expr","locations":[{"start":{"line":196,"column":10},"end":{"line":196,"column":13}},{"start":{"line":196,"column":17},"end":{"line":196,"column":50}}]},"24":{"loc":{"start":{"line":203,"column":28},"end":{"line":203,"column":73}},"type":"cond-expr","locations":[{"start":{"line":203,"column":35},"end":{"line":203,"column":39}},{"start":{"line":203,"column":42},"end":{"line":203,"column":73}}]},"25":{"loc":{"start":{"line":210,"column":14},"end":{"line":210,"column":23}},"type":"binary-expr","locations":[{"start":{"line":210,"column":14},"end":{"line":210,"column":17}},{"start":{"line":210,"column":21},"end":{"line":210,"column":23}}]},"26":{"loc":{"start":{"line":211,"column":21},"end":{"line":211,"column":32}},"type":"binary-expr","locations":[{"start":{"line":211,"column":21},"end":{"line":211,"column":26}},{"start":{"line":211,"column":30},"end":{"line":211,"column":32}}]},"27":{"loc":{"start":{"line":212,"column":26},"end":{"line":212,"column":48}},"type":"binary-expr","locations":[{"start":{"line":212,"column":26},"end":{"line":212,"column":42}},{"start":{"line":212,"column":46},"end":{"line":212,"column":48}}]},"28":{"loc":{"start":{"line":218,"column":6},"end":{"line":222,"column":null}},"type":"if","locations":[{"start":{"line":218,"column":6},"end":{"line":222,"column":null}},{"start":{"line":220,"column":13},"end":{"line":222,"column":null}}]},"29":{"loc":{"start":{"line":249,"column":4},"end":{"line":251,"column":null}},"type":"if","locations":[{"start":{"line":249,"column":4},"end":{"line":251,"column":null}}]},"30":{"loc":{"start":{"line":249,"column":8},"end":{"line":249,"column":25}},"type":"binary-expr","locations":[{"start":{"line":249,"column":8},"end":{"line":249,"column":13}},{"start":{"line":249,"column":17},"end":{"line":249,"column":25}}]}},"s":{"0":1,"1":1,"2":1,"3":1,"4":1,"5":1,"6":23,"7":23,"8":23,"9":23,"10":23,"11":23,"12":23,"13":23,"14":23,"15":23,"16":23,"17":23,"18":23,"19":23,"20":23,"21":23,"22":23,"23":23,"24":23,"25":104,"26":28,"27":28,"28":24,"29":24,"30":0,"31":23,"32":8,"33":4,"34":4,"35":4,"36":4,"37":0,"38":0,"39":8,"40":8,"41":23,"42":0,"43":0,"44":0,"45":0,"46":23,"47":20,"48":20,"49":59,"50":59,"51":20,"52":9,"53":23,"54":4,"55":4,"56":4,"57":4,"58":4,"59":4,"60":4,"61":1,"62":4,"63":1,"64":4,"65":1,"66":4,"67":0,"68":4,"69":4,"70":16,"71":4,"72":1,"73":1,"74":4,"75":23,"76":4,"77":4,"78":4,"79":1,"80":1,"81":3,"82":3,"83":3,"84":0,"85":0,"86":0,"87":0,"88":0,"89":0,"90":0,"91":0,"92":0,"93":0,"94":3,"95":3,"96":3,"97":23,"98":1,"99":1,"100":1,"101":1,"102":1,"103":1,"104":1,"105":1,"106":1,"107":1,"108":1,"109":1,"110":23,"111":0,"112":0,"113":0,"114":0,"115":0,"116":0,"117":23,"118":1},"f":{"0":23,"1":104,"2":8,"3":8,"4":0,"5":0,"6":0,"7":20,"8":59,"9":4,"10":16,"11":4,"12":1,"13":0},"b":{"0":[28,28,24,24,0],"1":[14,14],"2":[14,14],"3":[24,0],"4":[0,24],"5":[24,0],"6":[13,11],"7":[4,4,0],"8":[9],"9":[1],"10":[1,0],"11":[1],"12":[1,0],"13":[1],"14":[1,0],"15":[0],"16":[0,0],"17":[1],"18":[4,3],"19":[1],"20":[3],"21":[3,0],"22":[0],"23":[0,0],"24":[0,0],"25":[0,0],"26":[0,0],"27":[0,0],"28":[0,0],"29":[0],"30":[0,0]}}
,"/Users/mauroociappina/Desktop/Proyectos/ale proyecto/postulate-client/src/lib/helpers/application.helpers.ts": {"path":"/Users/mauroociappina/Desktop/Proyectos/ale proyecto/postulate-client/src/lib/helpers/application.helpers.ts","statementMap":{"0":{"start":{"line":3,"column":14},"end":{"line":3,"column":76}},"1":{"start":{"line":16,"column":37},"end":{"line":54,"column":1}},"2":{"start":{"line":23,"column":2},"end":{"line":53,"column":null}},"3":{"start":{"line":24,"column":19},"end":{"line":24,"column":52}},"4":{"start":{"line":25,"column":4},"end":{"line":25,"column":null}},"5":{"start":{"line":25,"column":16},"end":{"line":25,"column":null}},"6":{"start":{"line":27,"column":4},"end":{"line":30,"column":null}},"7":{"start":{"line":28,"column":6},"end":{"line":28,"column":null}},"8":{"start":{"line":29,"column":6},"end":{"line":29,"column":null}},"9":{"start":{"line":32,"column":25},"end":{"line":32,"column":42}},"10":{"start":{"line":33,"column":4},"end":{"line":45,"column":null}},"11":{"start":{"line":34,"column":6},"end":{"line":44,"column":null}},"12":{"start":{"line":35,"column":22},"end":{"line":35,"column":30}},"13":{"start":{"line":36,"column":8},"end":{"line":43,"column":null}},"14":{"start":{"line":37,"column":10},"end":{"line":37,"column":null}},"15":{"start":{"line":38,"column":15},"end":{"line":43,"column":null}},"16":{"start":{"line":39,"column":10},"end":{"line":39,"column":null}},"17":{"start":{"line":42,"column":10},"end":{"line":42,"column":null}},"18":{"start":{"line":47,"column":19},"end":{"line":47,"column":50}},"19":{"start":{"line":48,"column":4},"end":{"line":48,"column":null}},"20":{"start":{"line":49,"column":4},"end":{"line":49,"column":null}},"21":{"start":{"line":51,"column":4},"end":{"line":51,"column":null}},"22":{"start":{"line":52,"column":4},"end":{"line":52,"column":null}},"23":{"start":{"line":16,"column":13},"end":{"line":16,"column":37}},"24":{"start":{"line":66,"column":34},"end":{"line":93,"column":1}},"25":{"start":{"line":73,"column":2},"end":{"line":76,"column":null}},"26":{"start":{"line":74,"column":4},"end":{"line":74,"column":null}},"27":{"start":{"line":75,"column":4},"end":{"line":75,"column":null}},"28":{"start":{"line":78,"column":2},"end":{"line":92,"column":null}},"29":{"start":{"line":79,"column":4},"end":{"line":79,"column":null}},"30":{"start":{"line":79,"column":14},"end":{"line":79,"column":null}},"31":{"start":{"line":81,"column":28},"end":{"line":81,"column":52}},"32":{"start":{"line":82,"column":24},"end":{"line":85,"column":73}},"33":{"start":{"line":87,"column":24},"end":{"line":87,"column":77}},"34":{"start":{"line":88,"column":25},"end":{"line":88,"column":78}},"35":{"start":{"line":89,"column":26},"end":{"line":89,"column":82}},"36":{"start":{"line":91,"column":4},"end":{"line":91,"column":null}},"37":{"start":{"line":66,"column":13},"end":{"line":66,"column":34}},"38":{"start":{"line":104,"column":36},"end":{"line":129,"column":1}},"39":{"start":{"line":109,"column":2},"end":{"line":112,"column":null}},"40":{"start":{"line":110,"column":4},"end":{"line":110,"column":null}},"41":{"start":{"line":111,"column":4},"end":{"line":111,"column":null}},"42":{"start":{"line":113,"column":2},"end":{"line":116,"column":null}},"43":{"start":{"line":114,"column":4},"end":{"line":114,"column":null}},"44":{"start":{"line":115,"column":4},"end":{"line":115,"column":14}},"45":{"start":{"line":117,"column":2},"end":{"line":120,"column":null}},"46":{"start":{"line":118,"column":4},"end":{"line":118,"column":null}},"47":{"start":{"line":119,"column":4},"end":{"line":119,"column":14}},"48":{"start":{"line":122,"column":21},"end":{"line":122,"column":53}},"49":{"start":{"line":124,"column":2},"end":{"line":126,"column":null}},"50":{"start":{"line":125,"column":4},"end":{"line":125,"column":null}},"51":{"start":{"line":127,"column":19},"end":{"line":127,"column":44}},"52":{"start":{"line":128,"column":2},"end":{"line":128,"column":null}},"53":{"start":{"line":104,"column":13},"end":{"line":104,"column":36}}},"fnMap":{"0":{"name":"(anonymous_0)","decl":{"start":{"line":16,"column":37},"end":{"line":16,"column":null}},"loc":{"start":{"line":22,"column":14},"end":{"line":54,"column":1}}},"1":{"name":"(anonymous_1)","decl":{"start":{"line":33,"column":26},"end":{"line":33,"column":42}},"loc":{"start":{"line":33,"column":46},"end":{"line":45,"column":5}}},"2":{"name":"(anonymous_2)","decl":{"start":{"line":66,"column":34},"end":{"line":66,"column":null}},"loc":{"start":{"line":72,"column":19},"end":{"line":93,"column":1}}},"3":{"name":"(anonymous_3)","decl":{"start":{"line":78,"column":30},"end":{"line":78,"column":46}},"loc":{"start":{"line":78,"column":50},"end":{"line":92,"column":3}}},"4":{"name":"(anonymous_4)","decl":{"start":{"line":104,"column":36},"end":{"line":104,"column":null}},"loc":{"start":{"line":108,"column":19},"end":{"line":129,"column":1}}}},"branchMap":{"0":{"loc":{"start":{"line":25,"column":4},"end":{"line":25,"column":null}},"type":"if","locations":[{"start":{"line":25,"column":4},"end":{"line":25,"column":null}}]},"1":{"loc":{"start":{"line":27,"column":4},"end":{"line":30,"column":null}},"type":"if","locations":[{"start":{"line":27,"column":4},"end":{"line":30,"column":null}}]},"2":{"loc":{"start":{"line":34,"column":6},"end":{"line":44,"column":null}},"type":"if","locations":[{"start":{"line":34,"column":6},"end":{"line":44,"column":null}}]},"3":{"loc":{"start":{"line":34,"column":10},"end":{"line":34,"column":60}},"type":"binary-expr","locations":[{"start":{"line":34,"column":10},"end":{"line":34,"column":13}},{"start":{"line":34,"column":17},"end":{"line":34,"column":39}},{"start":{"line":34,"column":43},"end":{"line":34,"column":60}}]},"4":{"loc":{"start":{"line":36,"column":8},"end":{"line":43,"column":null}},"type":"if","locations":[{"start":{"line":36,"column":8},"end":{"line":43,"column":null}},{"start":{"line":38,"column":15},"end":{"line":43,"column":null}}]},"5":{"loc":{"start":{"line":38,"column":15},"end":{"line":43,"column":null}},"type":"if","locations":[{"start":{"line":38,"column":15},"end":{"line":43,"column":null}},{"start":{"line":40,"column":15},"end":{"line":43,"column":null}}]},"6":{"loc":{"start":{"line":38,"column":19},"end":{"line":38,"column":74}},"type":"binary-expr","locations":[{"start":{"line":38,"column":19},"end":{"line":38,"column":44}},{"start":{"line":38,"column":48},"end":{"line":38,"column":74}}]},"7":{"loc":{"start":{"line":48,"column":29},"end":{"line":48,"column":65}},"type":"binary-expr","locations":[{"start":{"line":48,"column":29},"end":{"line":48,"column":52}},{"start":{"line":48,"column":56},"end":{"line":48,"column":65}}]},"8":{"loc":{"start":{"line":73,"column":2},"end":{"line":76,"column":null}},"type":"if","locations":[{"start":{"line":73,"column":2},"end":{"line":76,"column":null}}]},"9":{"loc":{"start":{"line":79,"column":4},"end":{"line":79,"column":null}},"type":"if","locations":[{"start":{"line":79,"column":4},"end":{"line":79,"column":null}}]},"10":{"loc":{"start":{"line":82,"column":24},"end":{"line":85,"column":73}},"type":"binary-expr","locations":[{"start":{"line":82,"column":24},"end":{"line":82,"column":41}},{"start":{"line":83,"column":7},"end":{"line":83,"column":59}},{"start":{"line":83,"column":63},"end":{"line":83,"column":68}},{"start":{"line":84,"column":7},"end":{"line":84,"column":60}},{"start":{"line":84,"column":64},"end":{"line":84,"column":69}},{"start":{"line":85,"column":7},"end":{"line":85,"column":63}},{"start":{"line":85,"column":67},"end":{"line":85,"column":72}}]},"11":{"loc":{"start":{"line":87,"column":24},"end":{"line":87,"column":77}},"type":"binary-expr","locations":[{"start":{"line":87,"column":24},"end":{"line":87,"column":46}},{"start":{"line":87,"column":50},"end":{"line":87,"column":77}}]},"12":{"loc":{"start":{"line":88,"column":25},"end":{"line":88,"column":78}},"type":"binary-expr","locations":[{"start":{"line":88,"column":25},"end":{"line":88,"column":45}},{"start":{"line":88,"column":49},"end":{"line":88,"column":78}}]},"13":{"loc":{"start":{"line":89,"column":26},"end":{"line":89,"column":82}},"type":"binary-expr","locations":[{"start":{"line":89,"column":26},"end":{"line":89,"column":47}},{"start":{"line":89,"column":51},"end":{"line":89,"column":82}}]},"14":{"loc":{"start":{"line":91,"column":11},"end":{"line":91,"column":70}},"type":"binary-expr","locations":[{"start":{"line":91,"column":11},"end":{"line":91,"column":22}},{"start":{"line":91,"column":26},"end":{"line":91,"column":37}},{"start":{"line":91,"column":41},"end":{"line":91,"column":53}},{"start":{"line":91,"column":57},"end":{"line":91,"column":70}}]},"15":{"loc":{"start":{"line":109,"column":2},"end":{"line":112,"column":null}},"type":"if","locations":[{"start":{"line":109,"column":2},"end":{"line":112,"column":null}}]},"16":{"loc":{"start":{"line":113,"column":2},"end":{"line":116,"column":null}},"type":"if","locations":[{"start":{"line":113,"column":2},"end":{"line":116,"column":null}}]},"17":{"loc":{"start":{"line":113,"column":6},"end":{"line":113,"column":56}},"type":"binary-expr","locations":[{"start":{"line":113,"column":6},"end":{"line":113,"column":37}},{"start":{"line":113,"column":41},"end":{"line":113,"column":56}}]},"18":{"loc":{"start":{"line":117,"column":2},"end":{"line":120,"column":null}},"type":"if","locations":[{"start":{"line":117,"column":2},"end":{"line":120,"column":null}}]},"19":{"loc":{"start":{"line":117,"column":6},"end":{"line":117,"column":59}},"type":"binary-expr","locations":[{"start":{"line":117,"column":6},"end":{"line":117,"column":38}},{"start":{"line":117,"column":42},"end":{"line":117,"column":59}}]},"20":{"loc":{"start":{"line":124,"column":2},"end":{"line":126,"column":null}},"type":"if","locations":[{"start":{"line":124,"column":2},"end":{"line":126,"column":null}}]}},"s":{"0":1,"1":1,"2":0,"3":0,"4":0,"5":0,"6":0,"7":0,"8":0,"9":0,"10":0,"11":0,"12":0,"13":0,"14":0,"15":0,"16":0,"17":0,"18":0,"19":0,"20":0,"21":0,"22":0,"23":1,"24":1,"25":0,"26":0,"27":0,"28":0,"29":0,"30":0,"31":0,"32":0,"33":0,"34":0,"35":0,"36":0,"37":1,"38":1,"39":0,"40":0,"41":0,"42":0,"43":0,"44":0,"45":0,"46":0,"47":0,"48":0,"49":0,"50":0,"51":0,"52":0,"53":1},"f":{"0":0,"1":0,"2":0,"3":0,"4":0},"b":{"0":[0],"1":[0],"2":[0],"3":[0,0,0],"4":[0,0],"5":[0,0],"6":[0,0],"7":[0,0],"8":[0],"9":[0],"10":[0,0,0,0,0,0,0],"11":[0,0],"12":[0,0],"13":[0,0],"14":[0,0,0,0],"15":[0],"16":[0],"17":[0,0],"18":[0],"19":[0,0],"20":[0]}}
,"/Users/mauroociappina/Desktop/Proyectos/ale proyecto/postulate-client/src/lib/helpers/date.helpers.ts": {"path":"/Users/mauroociappina/Desktop/Proyectos/ale proyecto/postulate-client/src/lib/helpers/date.helpers.ts","statementMap":{"0":{"start":{"line":10,"column":33},"end":{"line":12,"column":1}},"1":{"start":{"line":11,"column":2},"end":{"line":11,"column":null}},"2":{"start":{"line":10,"column":13},"end":{"line":10,"column":33}},"3":{"start":{"line":20,"column":26},"end":{"line":31,"column":1}},"4":{"start":{"line":25,"column":2},"end":{"line":30,"column":null}},"5":{"start":{"line":26,"column":4},"end":{"line":26,"column":null}},"6":{"start":{"line":28,"column":4},"end":{"line":28,"column":null}},"7":{"start":{"line":29,"column":4},"end":{"line":29,"column":22}},"8":{"start":{"line":20,"column":13},"end":{"line":20,"column":26}},"9":{"start":{"line":39,"column":27},"end":{"line":44,"column":1}},"10":{"start":{"line":40,"column":13},"end":{"line":40,"column":60}},"11":{"start":{"line":41,"column":13},"end":{"line":41,"column":60}},"12":{"start":{"line":42,"column":19},"end":{"line":42,"column":46}},"13":{"start":{"line":43,"column":2},"end":{"line":43,"column":null}},"14":{"start":{"line":39,"column":13},"end":{"line":39,"column":27}},"15":{"start":{"line":51,"column":24},"end":{"line":58,"column":1}},"16":{"start":{"line":52,"column":16},"end":{"line":52,"column":26}},"17":{"start":{"line":53,"column":15},"end":{"line":53,"column":35}},"18":{"start":{"line":55,"column":2},"end":{"line":57,"column":null}},"19":{"start":{"line":51,"column":13},"end":{"line":51,"column":24}},"20":{"start":{"line":66,"column":23},"end":{"line":70,"column":1}},"21":{"start":{"line":67,"column":15},"end":{"line":67,"column":35}},"22":{"start":{"line":68,"column":2},"end":{"line":68,"column":null}},"23":{"start":{"line":69,"column":2},"end":{"line":69,"column":null}},"24":{"start":{"line":66,"column":13},"end":{"line":66,"column":23}}},"fnMap":{"0":{"name":"(anonymous_0)","decl":{"start":{"line":10,"column":33},"end":{"line":10,"column":46}},"loc":{"start":{"line":10,"column":46},"end":{"line":12,"column":1}}},"1":{"name":"(anonymous_1)","decl":{"start":{"line":20,"column":26},"end":{"line":20,"column":null}},"loc":{"start":{"line":24,"column":12},"end":{"line":31,"column":1}}},"2":{"name":"(anonymous_2)","decl":{"start":{"line":39,"column":27},"end":{"line":39,"column":28}},"loc":{"start":{"line":39,"column":95},"end":{"line":44,"column":1}}},"3":{"name":"(anonymous_3)","decl":{"start":{"line":51,"column":24},"end":{"line":51,"column":42}},"loc":{"start":{"line":51,"column":55},"end":{"line":58,"column":1}}},"4":{"name":"(anonymous_4)","decl":{"start":{"line":66,"column":23},"end":{"line":66,"column":24}},"loc":{"start":{"line":66,"column":68},"end":{"line":70,"column":1}}}},"branchMap":{"0":{"loc":{"start":{"line":22,"column":2},"end":{"line":22,"column":26}},"type":"default-arg","locations":[{"start":{"line":22,"column":19},"end":{"line":22,"column":26}}]},"1":{"loc":{"start":{"line":23,"column":2},"end":{"line":23,"column":91}},"type":"default-arg","locations":[{"start":{"line":23,"column":40},"end":{"line":23,"column":91}}]},"2":{"loc":{"start":{"line":39,"column":50},"end":{"line":39,"column":83}},"type":"default-arg","locations":[{"start":{"line":39,"column":73},"end":{"line":39,"column":83}}]},"3":{"loc":{"start":{"line":40,"column":13},"end":{"line":40,"column":60}},"type":"cond-expr","locations":[{"start":{"line":40,"column":37},"end":{"line":40,"column":42}},{"start":{"line":40,"column":45},"end":{"line":40,"column":60}}]},"4":{"loc":{"start":{"line":41,"column":13},"end":{"line":41,"column":60}},"type":"cond-expr","locations":[{"start":{"line":41,"column":37},"end":{"line":41,"column":42}},{"start":{"line":41,"column":45},"end":{"line":41,"column":60}}]},"5":{"loc":{"start":{"line":55,"column":9},"end":{"line":57,"column":46}},"type":"binary-expr","locations":[{"start":{"line":55,"column":9},"end":{"line":55,"column":43}},{"start":{"line":56,"column":4},"end":{"line":56,"column":40}},{"start":{"line":57,"column":4},"end":{"line":57,"column":46}}]}},"s":{"0":1,"1":1,"2":1,"3":1,"4":0,"5":0,"6":0,"7":0,"8":1,"9":1,"10":0,"11":0,"12":0,"13":0,"14":1,"15":1,"16":0,"17":0,"18":0,"19":1,"20":1,"21":0,"22":0,"23":0,"24":1},"f":{"0":1,"1":0,"2":0,"3":0,"4":0},"b":{"0":[0],"1":[0],"2":[0],"3":[0,0],"4":[0,0],"5":[0,0,0]}}
,"/Users/mauroociappina/Desktop/Proyectos/ale proyecto/postulate-client/src/lib/helpers/index.ts": {"path":"/Users/mauroociappina/Desktop/Proyectos/ale proyecto/postulate-client/src/lib/helpers/index.ts","statementMap":{"0":{"start":{"line":7,"column":0},"end":{"line":7,"column":null}},"1":{"start":{"line":8,"column":0},"end":{"line":8,"column":null}},"2":{"start":{"line":9,"column":0},"end":{"line":9,"column":null}},"3":{"start":{"line":10,"column":0},"end":{"line":10,"column":null}},"4":{"start":{"line":11,"column":0},"end":{"line":11,"column":null}},"5":{"start":{"line":14,"column":0},"end":{"line":14,"column":null}},"6":{"start":{"line":22,"column":2},"end":{"line":22,"column":null}},"7":{"start":{"line":15,"column":0},"end":{"line":15,"column":null}},"8":{"start":{"line":26,"column":2},"end":{"line":26,"column":null}},"9":{"start":{"line":16,"column":0},"end":{"line":16,"column":null}},"10":{"start":{"line":23,"column":2},"end":{"line":23,"column":null}},"11":{"start":{"line":17,"column":0},"end":{"line":17,"column":null}},"12":{"start":{"line":24,"column":2},"end":{"line":24,"column":null}},"13":{"start":{"line":18,"column":0},"end":{"line":18,"column":null}},"14":{"start":{"line":25,"column":2},"end":{"line":25,"column":null}}},"fnMap":{},"branchMap":{},"s":{"0":1,"1":1,"2":1,"3":1,"4":1,"5":1,"6":1,"7":1,"8":1,"9":1,"10":1,"11":1,"12":1,"13":1,"14":1},"f":{},"b":{}}
,"/Users/mauroociappina/Desktop/Proyectos/ale proyecto/postulate-client/src/lib/helpers/status.helpers.ts": {"path":"/Users/mauroociappina/Desktop/Proyectos/ale proyecto/postulate-client/src/lib/helpers/status.helpers.ts","statementMap":{"0":{"start":{"line":11,"column":31},"end":{"line":21,"column":1}},"1":{"start":{"line":12,"column":47},"end":{"line":19,"column":null}},"2":{"start":{"line":20,"column":2},"end":{"line":20,"column":null}},"3":{"start":{"line":11,"column":13},"end":{"line":11,"column":31}},"4":{"start":{"line":28,"column":41},"end":{"line":38,"column":1}},"5":{"start":{"line":29,"column":47},"end":{"line":36,"column":null}},"6":{"start":{"line":37,"column":2},"end":{"line":37,"column":null}},"7":{"start":{"line":28,"column":13},"end":{"line":28,"column":41}},"8":{"start":{"line":45,"column":35},"end":{"line":55,"column":1}},"9":{"start":{"line":46,"column":51},"end":{"line":53,"column":null}},"10":{"start":{"line":54,"column":2},"end":{"line":54,"column":null}},"11":{"start":{"line":45,"column":13},"end":{"line":45,"column":35}},"12":{"start":{"line":62,"column":33},"end":{"line":64,"column":1}},"13":{"start":{"line":63,"column":2},"end":{"line":63,"column":null}},"14":{"start":{"line":62,"column":13},"end":{"line":62,"column":33}}},"fnMap":{"0":{"name":"(anonymous_0)","decl":{"start":{"line":11,"column":31},"end":{"line":11,"column":45}},"loc":{"start":{"line":11,"column":57},"end":{"line":21,"column":1}}},"1":{"name":"(anonymous_1)","decl":{"start":{"line":28,"column":41},"end":{"line":28,"column":55}},"loc":{"start":{"line":28,"column":67},"end":{"line":38,"column":1}}},"2":{"name":"(anonymous_2)","decl":{"start":{"line":45,"column":35},"end":{"line":45,"column":49}},"loc":{"start":{"line":45,"column":61},"end":{"line":55,"column":1}}},"3":{"name":"(anonymous_3)","decl":{"start":{"line":62,"column":33},"end":{"line":62,"column":47}},"loc":{"start":{"line":62,"column":59},"end":{"line":64,"column":1}}}},"branchMap":{"0":{"loc":{"start":{"line":20,"column":9},"end":{"line":20,"column":39}},"type":"binary-expr","locations":[{"start":{"line":20,"column":9},"end":{"line":20,"column":29}},{"start":{"line":20,"column":33},"end":{"line":20,"column":39}}]},"1":{"loc":{"start":{"line":37,"column":9},"end":{"line":37,"column":46}},"type":"binary-expr","locations":[{"start":{"line":37,"column":9},"end":{"line":37,"column":29}},{"start":{"line":37,"column":33},"end":{"line":37,"column":46}}]},"2":{"loc":{"start":{"line":54,"column":9},"end":{"line":54,"column":52}},"type":"binary-expr","locations":[{"start":{"line":54,"column":9},"end":{"line":54,"column":33}},{"start":{"line":54,"column":37},"end":{"line":54,"column":52}}]}},"s":{"0":1,"1":0,"2":0,"3":1,"4":1,"5":0,"6":0,"7":1,"8":1,"9":0,"10":0,"11":1,"12":1,"13":0,"14":1},"f":{"0":0,"1":0,"2":0,"3":0},"b":{"0":[0,0],"1":[0,0],"2":[0,0]}}
,"/Users/mauroociappina/Desktop/Proyectos/ale proyecto/postulate-client/src/lib/helpers/string.helpers.ts": {"path":"/Users/mauroociappina/Desktop/Proyectos/ale proyecto/postulate-client/src/lib/helpers/string.helpers.ts","statementMap":{"0":{"start":{"line":11,"column":28},"end":{"line":20,"column":1}},"1":{"start":{"line":12,"column":2},"end":{"line":12,"column":null}},"2":{"start":{"line":12,"column":41},"end":{"line":12,"column":null}},"3":{"start":{"line":14,"column":2},"end":{"line":19,"column":null}},"4":{"start":{"line":16,"column":17},"end":{"line":16,"column":24}},"5":{"start":{"line":11,"column":13},"end":{"line":11,"column":28}},"6":{"start":{"line":27,"column":32},"end":{"line":34,"column":1}},"7":{"start":{"line":28,"column":2},"end":{"line":28,"column":null}},"8":{"start":{"line":28,"column":13},"end":{"line":28,"column":null}},"9":{"start":{"line":30,"column":2},"end":{"line":33,"column":null}},"10":{"start":{"line":32,"column":17},"end":{"line":32,"column":75}},"11":{"start":{"line":27,"column":13},"end":{"line":27,"column":32}},"12":{"start":{"line":42,"column":28},"end":{"line":47,"column":1}},"13":{"start":{"line":43,"column":2},"end":{"line":43,"column":null}},"14":{"start":{"line":43,"column":13},"end":{"line":43,"column":null}},"15":{"start":{"line":44,"column":2},"end":{"line":44,"column":null}},"16":{"start":{"line":44,"column":32},"end":{"line":44,"column":null}},"17":{"start":{"line":46,"column":2},"end":{"line":46,"column":null}},"18":{"start":{"line":42,"column":13},"end":{"line":42,"column":28}},"19":{"start":{"line":54,"column":24},"end":{"line":65,"column":1}},"20":{"start":{"line":55,"column":2},"end":{"line":55,"column":null}},"21":{"start":{"line":55,"column":13},"end":{"line":55,"column":null}},"22":{"start":{"line":57,"column":2},"end":{"line":64,"column":null}},"23":{"start":{"line":54,"column":13},"end":{"line":54,"column":24}},"24":{"start":{"line":72,"column":32},"end":{"line":75,"column":1}},"25":{"start":{"line":73,"column":2},"end":{"line":73,"column":null}},"26":{"start":{"line":73,"column":13},"end":{"line":73,"column":null}},"27":{"start":{"line":74,"column":2},"end":{"line":74,"column":null}},"28":{"start":{"line":72,"column":13},"end":{"line":72,"column":32}}},"fnMap":{"0":{"name":"(anonymous_0)","decl":{"start":{"line":11,"column":28},"end":{"line":11,"column":40}},"loc":{"start":{"line":11,"column":52},"end":{"line":20,"column":1}}},"1":{"name":"(anonymous_1)","decl":{"start":{"line":16,"column":9},"end":{"line":16,"column":13}},"loc":{"start":{"line":16,"column":17},"end":{"line":16,"column":24}}},"2":{"name":"(anonymous_2)","decl":{"start":{"line":27,"column":32},"end":{"line":27,"column":44}},"loc":{"start":{"line":27,"column":56},"end":{"line":34,"column":1}}},"3":{"name":"(anonymous_3)","decl":{"start":{"line":32,"column":9},"end":{"line":32,"column":13}},"loc":{"start":{"line":32,"column":17},"end":{"line":32,"column":75}}},"4":{"name":"(anonymous_4)","decl":{"start":{"line":42,"column":28},"end":{"line":42,"column":29}},"loc":{"start":{"line":42,"column":78},"end":{"line":47,"column":1}}},"5":{"name":"(anonymous_5)","decl":{"start":{"line":54,"column":24},"end":{"line":54,"column":36}},"loc":{"start":{"line":54,"column":48},"end":{"line":65,"column":1}}},"6":{"name":"(anonymous_6)","decl":{"start":{"line":72,"column":32},"end":{"line":72,"column":44}},"loc":{"start":{"line":72,"column":56},"end":{"line":75,"column":1}}}},"branchMap":{"0":{"loc":{"start":{"line":12,"column":2},"end":{"line":12,"column":null}},"type":"if","locations":[{"start":{"line":12,"column":2},"end":{"line":12,"column":null}}]},"1":{"loc":{"start":{"line":12,"column":6},"end":{"line":12,"column":39}},"type":"binary-expr","locations":[{"start":{"line":12,"column":6},"end":{"line":12,"column":11}},{"start":{"line":12,"column":15},"end":{"line":12,"column":39}}]},"2":{"loc":{"start":{"line":28,"column":2},"end":{"line":28,"column":null}},"type":"if","locations":[{"start":{"line":28,"column":2},"end":{"line":28,"column":null}}]},"3":{"loc":{"start":{"line":42,"column":43},"end":{"line":42,"column":66}},"type":"default-arg","locations":[{"start":{"line":42,"column":63},"end":{"line":42,"column":66}}]},"4":{"loc":{"start":{"line":43,"column":2},"end":{"line":43,"column":null}},"type":"if","locations":[{"start":{"line":43,"column":2},"end":{"line":43,"column":null}}]},"5":{"loc":{"start":{"line":44,"column":2},"end":{"line":44,"column":null}},"type":"if","locations":[{"start":{"line":44,"column":2},"end":{"line":44,"column":null}}]},"6":{"loc":{"start":{"line":55,"column":2},"end":{"line":55,"column":null}},"type":"if","locations":[{"start":{"line":55,"column":2},"end":{"line":55,"column":null}}]},"7":{"loc":{"start":{"line":73,"column":2},"end":{"line":73,"column":null}},"type":"if","locations":[{"start":{"line":73,"column":2},"end":{"line":73,"column":null}}]}},"s":{"0":1,"1":0,"2":0,"3":0,"4":0,"5":1,"6":1,"7":0,"8":0,"9":0,"10":0,"11":1,"12":1,"13":0,"14":0,"15":0,"16":0,"17":0,"18":1,"19":1,"20":0,"21":0,"22":0,"23":1,"24":1,"25":0,"26":0,"27":0,"28":1},"f":{"0":0,"1":0,"2":0,"3":0,"4":0,"5":0,"6":0},"b":{"0":[0],"1":[0,0],"2":[0],"3":[0],"4":[0],"5":[0],"6":[0],"7":[0]}}
,"/Users/mauroociappina/Desktop/Proyectos/ale proyecto/postulate-client/src/lib/helpers/validation.helpers.ts": {"path":"/Users/mauroociappina/Desktop/Proyectos/ale proyecto/postulate-client/src/lib/helpers/validation.helpers.ts","statementMap":{"0":{"start":{"line":11,"column":27},"end":{"line":19,"column":1}},"1":{"start":{"line":12,"column":2},"end":{"line":18,"column":null}},"2":{"start":{"line":13,"column":4},"end":{"line":13,"column":null}},"3":{"start":{"line":14,"column":4},"end":{"line":14,"column":null}},"4":{"start":{"line":16,"column":4},"end":{"line":16,"column":null}},"5":{"start":{"line":17,"column":4},"end":{"line":17,"column":null}},"6":{"start":{"line":11,"column":13},"end":{"line":11,"column":27}},"7":{"start":{"line":26,"column":29},"end":{"line":29,"column":1}},"8":{"start":{"line":27,"column":21},"end":{"line":27,"column":49}},"9":{"start":{"line":28,"column":2},"end":{"line":28,"column":null}},"10":{"start":{"line":26,"column":13},"end":{"line":26,"column":29}},"11":{"start":{"line":36,"column":27},"end":{"line":38,"column":1}},"12":{"start":{"line":37,"column":2},"end":{"line":37,"column":null}},"13":{"start":{"line":36,"column":13},"end":{"line":36,"column":27}},"14":{"start":{"line":47,"column":25},"end":{"line":49,"column":1}},"15":{"start":{"line":48,"column":2},"end":{"line":48,"column":null}},"16":{"start":{"line":47,"column":13},"end":{"line":47,"column":25}}},"fnMap":{"0":{"name":"(anonymous_0)","decl":{"start":{"line":11,"column":27},"end":{"line":11,"column":38}},"loc":{"start":{"line":11,"column":51},"end":{"line":19,"column":1}}},"1":{"name":"(anonymous_1)","decl":{"start":{"line":26,"column":29},"end":{"line":26,"column":42}},"loc":{"start":{"line":26,"column":55},"end":{"line":29,"column":1}}},"2":{"name":"(anonymous_2)","decl":{"start":{"line":36,"column":27},"end":{"line":36,"column":40}},"loc":{"start":{"line":36,"column":53},"end":{"line":38,"column":1}}},"3":{"name":"(anonymous_3)","decl":{"start":{"line":47,"column":25},"end":{"line":47,"column":26}},"loc":{"start":{"line":47,"column":78},"end":{"line":49,"column":1}}}},"branchMap":{"0":{"loc":{"start":{"line":37,"column":9},"end":{"line":37,"column":73}},"type":"binary-expr","locations":[{"start":{"line":37,"column":9},"end":{"line":37,"column":28}},{"start":{"line":37,"column":32},"end":{"line":37,"column":46}},{"start":{"line":37,"column":50},"end":{"line":37,"column":73}}]},"1":{"loc":{"start":{"line":48,"column":9},"end":{"line":48,"column":37}},"type":"binary-expr","locations":[{"start":{"line":48,"column":9},"end":{"line":48,"column":21}},{"start":{"line":48,"column":25},"end":{"line":48,"column":37}}]}},"s":{"0":1,"1":0,"2":0,"3":0,"4":0,"5":0,"6":1,"7":1,"8":0,"9":0,"10":1,"11":1,"12":160,"13":1,"14":1,"15":0,"16":1},"f":{"0":0,"1":0,"2":160,"3":0},"b":{"0":[160,160,160],"1":[0,0]}}
,"/Users/mauroociappina/Desktop/Proyectos/ale proyecto/postulate-client/src/store/auth/authStore.ts": {"path":"/Users/mauroociappina/Desktop/Proyectos/ale proyecto/postulate-client/src/store/auth/authStore.ts","statementMap":{"0":{"start":{"line":1,"column":0},"end":{"line":1,"column":null}},"1":{"start":{"line":2,"column":0},"end":{"line":2,"column":null}},"2":{"start":{"line":4,"column":0},"end":{"line":4,"column":null}},"3":{"start":{"line":5,"column":0},"end":{"line":5,"column":null}},"4":{"start":{"line":6,"column":0},"end":{"line":6,"column":null}},"5":{"start":{"line":8,"column":24},"end":{"line":15,"column":1}},"6":{"start":{"line":9,"column":2},"end":{"line":14,"column":null}},"7":{"start":{"line":10,"column":20},"end":{"line":10,"column":48}},"8":{"start":{"line":11,"column":4},"end":{"line":11,"column":null}},"9":{"start":{"line":13,"column":4},"end":{"line":13,"column":null}},"10":{"start":{"line":17,"column":25},"end":{"line":22,"column":1}},"11":{"start":{"line":18,"column":2},"end":{"line":20,"column":null}},"12":{"start":{"line":19,"column":4},"end":{"line":19,"column":null}},"13":{"start":{"line":21,"column":2},"end":{"line":21,"column":null}},"14":{"start":{"line":24,"column":13},"end":{"line":226,"column":null}},"15":{"start":{"line":26,"column":19},"end":{"line":220,"column":6}},"16":{"start":{"line":33,"column":26},"end":{"line":33,"column":31}},"17":{"start":{"line":34,"column":8},"end":{"line":37,"column":null}},"18":{"start":{"line":35,"column":10},"end":{"line":35,"column":null}},"19":{"start":{"line":36,"column":10},"end":{"line":36,"column":null}},"20":{"start":{"line":39,"column":8},"end":{"line":42,"column":null}},"21":{"start":{"line":40,"column":10},"end":{"line":40,"column":null}},"22":{"start":{"line":41,"column":10},"end":{"line":41,"column":null}},"23":{"start":{"line":44,"column":8},"end":{"line":62,"column":null}},"24":{"start":{"line":45,"column":26},"end":{"line":45,"column":61}},"25":{"start":{"line":47,"column":10},"end":{"line":56,"column":null}},"26":{"start":{"line":57,"column":10},"end":{"line":57,"column":null}},"27":{"start":{"line":59,"column":10},"end":{"line":59,"column":null}},"28":{"start":{"line":60,"column":10},"end":{"line":60,"column":null}},"29":{"start":{"line":61,"column":10},"end":{"line":61,"column":null}},"30":{"start":{"line":66,"column":8},"end":{"line":66,"column":null}},"31":{"start":{"line":68,"column":8},"end":{"line":104,"column":null}},"32":{"start":{"line":69,"column":27},"end":{"line":69,"column":67}},"33":{"start":{"line":71,"column":24},"end":{"line":71,"column":39}},"34":{"start":{"line":72,"column":26},"end":{"line":72,"column":61}},"35":{"start":{"line":75,"column":10},"end":{"line":86,"column":null}},"36":{"start":{"line":88,"column":10},"end":{"line":88,"column":null}},"37":{"start":{"line":89,"column":10},"end":{"line":89,"column":null}},"38":{"start":{"line":91,"column":27},"end":{"line":91,"column":44}},"39":{"start":{"line":93,"column":10},"end":{"line":100,"column":null}},"40":{"start":{"line":95,"column":35},"end":{"line":95,"column":83}},"41":{"start":{"line":96,"column":12},"end":{"line":98,"column":null}},"42":{"start":{"line":97,"column":14},"end":{"line":97,"column":null}},"43":{"start":{"line":99,"column":12},"end":{"line":99,"column":null}},"44":{"start":{"line":101,"column":10},"end":{"line":103,"column":null}},"45":{"start":{"line":114,"column":8},"end":{"line":114,"column":null}},"46":{"start":{"line":116,"column":8},"end":{"line":157,"column":null}},"47":{"start":{"line":117,"column":27},"end":{"line":123,"column":12}},"48":{"start":{"line":125,"column":10},"end":{"line":125,"column":null}},"49":{"start":{"line":128,"column":23},"end":{"line":128,"column":38}},"50":{"start":{"line":129,"column":10},"end":{"line":129,"column":null}},"51":{"start":{"line":133,"column":10},"end":{"line":144,"column":null}},"52":{"start":{"line":146,"column":10},"end":{"line":146,"column":null}},"53":{"start":{"line":147,"column":10},"end":{"line":147,"column":null}},"54":{"start":{"line":148,"column":27},"end":{"line":148,"column":44}},"55":{"start":{"line":149,"column":10},"end":{"line":153,"column":null}},"56":{"start":{"line":150,"column":12},"end":{"line":152,"column":null}},"57":{"start":{"line":154,"column":10},"end":{"line":156,"column":null}},"58":{"start":{"line":162,"column":8},"end":{"line":167,"column":null}},"59":{"start":{"line":172,"column":8},"end":{"line":197,"column":null}},"60":{"start":{"line":173,"column":25},"end":{"line":173,"column":39}},"61":{"start":{"line":174,"column":10},"end":{"line":176,"column":null}},"62":{"start":{"line":175,"column":12},"end":{"line":175,"column":null}},"63":{"start":{"line":178,"column":54},"end":{"line":178,"column":73}},"64":{"start":{"line":179,"column":10},"end":{"line":182,"column":null}},"65":{"start":{"line":180,"column":12},"end":{"line":180,"column":null}},"66":{"start":{"line":181,"column":12},"end":{"line":181,"column":null}},"67":{"start":{"line":184,"column":27},"end":{"line":184,"column":74}},"68":{"start":{"line":186,"column":10},"end":{"line":188,"column":null}},"69":{"start":{"line":186,"column":26},"end":{"line":188,"column":12}},"70":{"start":{"line":189,"column":10},"end":{"line":189,"column":null}},"71":{"start":{"line":191,"column":10},"end":{"line":191,"column":null}},"72":{"start":{"line":192,"column":10},"end":{"line":195,"column":null}},"73":{"start":{"line":194,"column":12},"end":{"line":194,"column":null}},"74":{"start":{"line":196,"column":10},"end":{"line":196,"column":null}},"75":{"start":{"line":201,"column":26},"end":{"line":201,"column":31}},"76":{"start":{"line":202,"column":8},"end":{"line":217,"column":null}},"77":{"start":{"line":203,"column":26},"end":{"line":203,"column":61}},"78":{"start":{"line":205,"column":10},"end":{"line":214,"column":null}},"79":{"start":{"line":216,"column":10},"end":{"line":216,"column":null}},"80":{"start":{"line":223,"column":30},"end":{"line":223,"column":70}}},"fnMap":{"0":{"name":"(anonymous_0)","decl":{"start":{"line":8,"column":24},"end":{"line":8,"column":37}},"loc":{"start":{"line":8,"column":50},"end":{"line":15,"column":1}}},"1":{"name":"(anonymous_1)","decl":{"start":{"line":17,"column":25},"end":{"line":17,"column":63}},"loc":{"start":{"line":17,"column":75},"end":{"line":22,"column":1}}},"2":{"name":"(anonymous_2)","decl":{"start":{"line":26,"column":4},"end":{"line":26,"column":5}},"loc":{"start":{"line":26,"column":19},"end":{"line":220,"column":6}}},"3":{"name":"(anonymous_3)","decl":{"start":{"line":32,"column":17},"end":{"line":32,"column":22}},"loc":{"start":{"line":32,"column":22},"end":{"line":63,"column":7}}},"4":{"name":"(anonymous_4)","decl":{"start":{"line":65,"column":14},"end":{"line":65,"column":21}},"loc":{"start":{"line":65,"column":56},"end":{"line":105,"column":7}}},"5":{"name":"(anonymous_5)","decl":{"start":{"line":107,"column":14},"end":{"line":107,"column":null}},"loc":{"start":{"line":113,"column":10},"end":{"line":158,"column":7}}},"6":{"name":"(anonymous_6)","decl":{"start":{"line":160,"column":15},"end":{"line":160,"column":20}},"loc":{"start":{"line":160,"column":20},"end":{"line":168,"column":7}}},"7":{"name":"(anonymous_7)","decl":{"start":{"line":170,"column":18},"end":{"line":170,"column":25}},"loc":{"start":{"line":170,"column":125},"end":{"line":198,"column":7}}},"8":{"name":"(anonymous_8)","decl":{"start":{"line":186,"column":15},"end":{"line":186,"column":20}},"loc":{"start":{"line":186,"column":26},"end":{"line":188,"column":12}}},"9":{"name":"(anonymous_9)","decl":{"start":{"line":200,"column":18},"end":{"line":200,"column":23}},"loc":{"start":{"line":200,"column":23},"end":{"line":219,"column":null}}},"10":{"name":"(anonymous_10)","decl":{"start":{"line":223,"column":19},"end":{"line":223,"column":24}},"loc":{"start":{"line":223,"column":30},"end":{"line":223,"column":70}}}},"branchMap":{"0":{"loc":{"start":{"line":11,"column":12},"end":{"line":11,"column":28}},"type":"binary-expr","locations":[{"start":{"line":11,"column":12},"end":{"line":11,"column":23}},{"start":{"line":11,"column":27},"end":{"line":11,"column":28}}]},"1":{"loc":{"start":{"line":18,"column":2},"end":{"line":20,"column":null}},"type":"if","locations":[{"start":{"line":18,"column":2},"end":{"line":20,"column":null}}]},"2":{"loc":{"start":{"line":21,"column":9},"end":{"line":21,"column":22}},"type":"binary-expr","locations":[{"start":{"line":21,"column":9},"end":{"line":21,"column":16}},{"start":{"line":21,"column":20},"end":{"line":21,"column":22}}]},"3":{"loc":{"start":{"line":34,"column":8},"end":{"line":37,"column":null}},"type":"if","locations":[{"start":{"line":34,"column":8},"end":{"line":37,"column":null}}]},"4":{"loc":{"start":{"line":39,"column":8},"end":{"line":42,"column":null}},"type":"if","locations":[{"start":{"line":39,"column":8},"end":{"line":42,"column":null}}]},"5":{"loc":{"start":{"line":52,"column":24},"end":{"line":52,"column":60}},"type":"binary-expr","locations":[{"start":{"line":52,"column":24},"end":{"line":52,"column":40}},{"start":{"line":52,"column":44},"end":{"line":52,"column":60}}]},"6":{"loc":{"start":{"line":53,"column":24},"end":{"line":53,"column":87}},"type":"binary-expr","locations":[{"start":{"line":53,"column":24},"end":{"line":53,"column":40}},{"start":{"line":53,"column":44},"end":{"line":53,"column":63}},{"start":{"line":53,"column":67},"end":{"line":53,"column":87}}]},"7":{"loc":{"start":{"line":82,"column":24},"end":{"line":82,"column":60}},"type":"binary-expr","locations":[{"start":{"line":82,"column":24},"end":{"line":82,"column":40}},{"start":{"line":82,"column":44},"end":{"line":82,"column":60}}]},"8":{"loc":{"start":{"line":83,"column":24},"end":{"line":83,"column":87}},"type":"binary-expr","locations":[{"start":{"line":83,"column":24},"end":{"line":83,"column":40}},{"start":{"line":83,"column":44},"end":{"line":83,"column":63}},{"start":{"line":83,"column":67},"end":{"line":83,"column":87}}]},"9":{"loc":{"start":{"line":93,"column":10},"end":{"line":100,"column":null}},"type":"if","locations":[{"start":{"line":93,"column":10},"end":{"line":100,"column":null}}]},"10":{"loc":{"start":{"line":96,"column":12},"end":{"line":98,"column":null}},"type":"if","locations":[{"start":{"line":96,"column":12},"end":{"line":98,"column":null}}]},"11":{"loc":{"start":{"line":102,"column":12},"end":{"line":102,"column":92}},"type":"binary-expr","locations":[{"start":{"line":102,"column":12},"end":{"line":102,"column":61}},{"start":{"line":102,"column":65},"end":{"line":102,"column":92}}]},"12":{"loc":{"start":{"line":138,"column":24},"end":{"line":138,"column":43}},"type":"binary-expr","locations":[{"start":{"line":138,"column":24},"end":{"line":138,"column":37}},{"start":{"line":138,"column":41},"end":{"line":138,"column":43}}]},"13":{"loc":{"start":{"line":139,"column":24},"end":{"line":139,"column":null}},"type":"binary-expr","locations":[{"start":{"line":139,"column":24},"end":{"line":139,"column":37}},{"start":{"line":139,"column":41},"end":{"line":139,"column":null}}]},"14":{"loc":{"start":{"line":149,"column":10},"end":{"line":153,"column":null}},"type":"if","locations":[{"start":{"line":149,"column":10},"end":{"line":153,"column":null}}]},"15":{"loc":{"start":{"line":151,"column":14},"end":{"line":151,"column":87}},"type":"binary-expr","locations":[{"start":{"line":151,"column":14},"end":{"line":151,"column":61}},{"start":{"line":151,"column":65},"end":{"line":151,"column":87}}]},"16":{"loc":{"start":{"line":155,"column":12},"end":{"line":155,"column":87}},"type":"binary-expr","locations":[{"start":{"line":155,"column":12},"end":{"line":155,"column":61}},{"start":{"line":155,"column":65},"end":{"line":155,"column":87}}]},"17":{"loc":{"start":{"line":174,"column":10},"end":{"line":176,"column":null}},"type":"if","locations":[{"start":{"line":174,"column":10},"end":{"line":176,"column":null}}]},"18":{"loc":{"start":{"line":179,"column":10},"end":{"line":182,"column":null}},"type":"if","locations":[{"start":{"line":179,"column":10},"end":{"line":182,"column":null}}]},"19":{"loc":{"start":{"line":187,"column":18},"end":{"line":187,"column":null}},"type":"cond-expr","locations":[{"start":{"line":187,"column":31},"end":{"line":187,"column":73}},{"start":{"line":187,"column":76},"end":{"line":187,"column":null}}]},"20":{"loc":{"start":{"line":192,"column":10},"end":{"line":195,"column":null}},"type":"if","locations":[{"start":{"line":192,"column":10},"end":{"line":195,"column":null}}]},"21":{"loc":{"start":{"line":202,"column":8},"end":{"line":217,"column":null}},"type":"if","locations":[{"start":{"line":202,"column":8},"end":{"line":217,"column":null}},{"start":{"line":215,"column":15},"end":{"line":217,"column":null}}]},"22":{"loc":{"start":{"line":210,"column":24},"end":{"line":210,"column":60}},"type":"binary-expr","locations":[{"start":{"line":210,"column":24},"end":{"line":210,"column":40}},{"start":{"line":210,"column":44},"end":{"line":210,"column":60}}]},"23":{"loc":{"start":{"line":211,"column":24},"end":{"line":211,"column":87}},"type":"binary-expr","locations":[{"start":{"line":211,"column":24},"end":{"line":211,"column":40}},{"start":{"line":211,"column":44},"end":{"line":211,"column":63}},{"start":{"line":211,"column":67},"end":{"line":211,"column":87}}]}},"s":{"0":2,"1":2,"2":2,"3":2,"4":2,"5":2,"6":2,"7":2,"8":2,"9":0,"10":2,"11":2,"12":0,"13":2,"14":2,"15":2,"16":3,"17":3,"18":1,"19":1,"20":2,"21":1,"22":1,"23":1,"24":1,"25":0,"26":0,"27":1,"28":1,"29":1,"30":2,"31":2,"32":2,"33":1,"34":1,"35":1,"36":1,"37":1,"38":1,"39":1,"40":1,"41":1,"42":1,"43":0,"44":0,"45":2,"46":2,"47":2,"48":1,"49":1,"50":1,"51":1,"52":1,"53":1,"54":1,"55":1,"56":1,"57":0,"58":1,"59":2,"60":2,"61":2,"62":0,"63":2,"64":2,"65":1,"66":1,"67":2,"68":1,"69":1,"70":1,"71":1,"72":1,"73":0,"74":1,"75":0,"76":0,"77":0,"78":0,"79":0,"80":32},"f":{"0":2,"1":2,"2":2,"3":3,"4":2,"5":2,"6":1,"7":2,"8":1,"9":0,"10":32},"b":{"0":[2,0],"1":[0],"2":[2,0],"3":[1],"4":[1],"5":[0,0],"6":[0,0,0],"7":[1,0],"8":[1,0,0],"9":[1],"10":[1],"11":[0,0],"12":[1,0],"13":[1,0],"14":[1],"15":[1,0],"16":[0,0],"17":[0],"18":[1],"19":[1,0],"20":[0],"21":[0,0],"22":[0,0],"23":[0,0,0]}}
}
