TN:
SF:src/api/apiAxios.ts
FNF:0
FNH:0
DA:4,1
DA:5,1
DA:13,1
LF:3
LH:3
BRF:0
BRH:0
end_of_record
TN:
SF:src/api/auth.ts
FN:10,(anonymous_0)
FN:14,(anonymous_1)
FN:18,(anonymous_2)
FNF:3
FNH:0
FNDA:0,(anonymous_0)
FNDA:0,(anonymous_1)
FNDA:0,(anonymous_2)
DA:1,1
DA:8,1
DA:11,0
DA:15,0
DA:19,0
LF:5
LH:2
BRF:0
BRH:0
end_of_record
TN:
SF:src/api/client.ts
FN:35,(anonymous_1)
FN:40,(anonymous_2)
FN:45,(anonymous_3)
FN:50,(anonymous_4)
FN:55,(anonymous_5)
FNF:5
FNH:0
FNDA:0,(anonymous_1)
FNDA:0,(anonymous_2)
FNDA:0,(anonymous_3)
FNDA:0,(anonymous_4)
FNDA:0,(anonymous_5)
DA:1,1
DA:2,1
DA:3,1
DA:10,1
DA:22,1
DA:27,1
DA:33,1
DA:36,0
DA:37,0
DA:41,0
DA:42,0
DA:46,0
DA:47,0
DA:51,0
DA:52,0
DA:56,0
DA:57,0
LF:17
LH:7
BRDA:14,0,0,1
BRDA:14,0,1,0
BRF:2
BRH:1
end_of_record
TN:
SF:src/api/index.ts
FN:2,(anonymous_0)
FN:5,(anonymous_1)
FN:6,(anonymous_2)
FNF:3
FNH:0
FNDA:0,(anonymous_0)
FNDA:0,(anonymous_1)
FNDA:0,(anonymous_2)
DA:2,1
DA:5,1
DA:6,1
LF:3
LH:3
BRF:0
BRH:0
end_of_record
TN:
SF:src/api/postulations.ts
FN:26,(anonymous_1)
FN:58,(anonymous_2)
FN:61,(anonymous_3)
FN:63,(anonymous_4)
FN:77,(anonymous_5)
FN:80,(anonymous_6)
FN:99,(anonymous_7)
FNF:7
FNH:1
FNDA:1,(anonymous_1)
FNDA:0,(anonymous_2)
FNDA:0,(anonymous_3)
FNDA:0,(anonymous_4)
FNDA:0,(anonymous_5)
FNDA:0,(anonymous_6)
FNDA:0,(anonymous_7)
DA:1,1
DA:3,1
DA:7,1
DA:20,1
DA:21,1
DA:26,1
DA:27,1
DA:35,1
DA:40,1
DA:45,1
DA:54,1
DA:57,1
DA:59,0
DA:61,0
DA:64,0
DA:66,0
DA:70,0
DA:72,0
DA:73,0
DA:78,0
DA:82,0
DA:101,0
LF:22
LH:12
BRDA:31,0,0,1
BRDA:31,0,1,1
BRF:2
BRH:2
end_of_record
TN:
SF:src/api/interceptors/auth.interceptors.ts
FN:6,(anonymous_0)
FN:16,(anonymous_1)
FN:23,(anonymous_2)
FN:24,(anonymous_3)
FNF:4
FNH:0
FNDA:0,(anonymous_0)
FNDA:0,(anonymous_1)
FNDA:0,(anonymous_2)
FNDA:0,(anonymous_3)
DA:2,1
DA:5,1
DA:7,0
DA:8,0
DA:9,0
DA:14,0
DA:17,0
DA:22,1
DA:23,0
DA:25,0
DA:26,0
DA:27,0
DA:32,0
DA:33,0
DA:34,0
DA:35,0
DA:37,0
DA:38,0
DA:41,0
LF:19
LH:3
BRDA:8,0,0,0
BRDA:25,1,0,0
BRDA:32,2,0,0
BRDA:34,3,0,0
BRF:4
BRH:0
end_of_record
TN:
SF:src/api/interceptors/postulation.interceptor.ts
FN:5,(anonymous_0)
FN:28,(anonymous_1)
FN:111,(anonymous_2)
FN:119,(anonymous_3)
FN:123,(anonymous_4)
FNF:5
FNH:0
FNDA:0,(anonymous_0)
FNDA:0,(anonymous_1)
FNDA:0,(anonymous_2)
FNDA:0,(anonymous_3)
FNDA:0,(anonymous_4)
DA:2,1
DA:5,1
DA:6,0
DA:7,0
DA:10,0
DA:11,0
DA:12,0
DA:15,0
DA:16,0
DA:19,0
DA:21,0
DA:22,0
DA:27,1
DA:32,0
DA:38,0
DA:40,0
DA:42,0
DA:46,0
DA:48,0
DA:50,0
DA:67,0
DA:70,0
DA:84,0
DA:90,0
DA:91,0
DA:96,0
DA:97,0
DA:99,0
DA:106,0
DA:109,0
DA:113,0
DA:118,1
DA:121,0
DA:125,0
LF:34
LH:4
BRDA:10,0,0,0
BRDA:19,1,0,0
BRDA:19,1,1,0
BRDA:32,2,0,0
BRDA:33,3,0,0
BRDA:33,3,1,0
BRDA:33,3,2,0
BRDA:40,4,0,0
BRDA:46,5,0,0
BRDA:46,5,1,0
BRDA:48,6,0,0
BRDA:48,6,1,0
BRDA:56,7,0,0
BRDA:56,7,1,0
BRDA:57,8,0,0
BRDA:57,8,1,0
BRDA:58,9,0,0
BRDA:58,9,1,0
BRDA:59,10,0,0
BRDA:59,10,1,0
BRDA:60,11,0,0
BRDA:60,11,1,0
BRDA:75,12,0,0
BRDA:75,12,1,0
BRDA:76,13,0,0
BRDA:76,13,1,0
BRDA:77,14,0,0
BRDA:77,14,1,0
BRDA:78,15,0,0
BRDA:78,15,1,0
BRDA:79,16,0,0
BRDA:79,16,1,0
BRDA:90,17,0,0
BRDA:90,18,0,0
BRDA:90,18,1,0
BRDA:97,19,0,0
BRDA:106,20,0,0
BRF:37
BRH:0
end_of_record
TN:
SF:src/hooks/useApplicationForm.ts
FN:40,(anonymous_0)
FN:65,(anonymous_1)
FN:102,(anonymous_2)
FN:114,(anonymous_3)
FN:120,(anonymous_4)
FN:121,(anonymous_5)
FN:122,(anonymous_6)
FN:127,(anonymous_7)
FN:135,(anonymous_8)
FN:145,(anonymous_9)
FN:169,(anonymous_10)
FN:180,(anonymous_11)
FN:233,(anonymous_12)
FN:248,(anonymous_13)
FNF:14
FNH:10
FNDA:23,(anonymous_0)
FNDA:104,(anonymous_1)
FNDA:8,(anonymous_2)
FNDA:8,(anonymous_3)
FNDA:0,(anonymous_4)
FNDA:0,(anonymous_5)
FNDA:0,(anonymous_6)
FNDA:20,(anonymous_7)
FNDA:59,(anonymous_8)
FNDA:4,(anonymous_9)
FNDA:16,(anonymous_10)
FNDA:4,(anonymous_11)
FNDA:1,(anonymous_12)
FNDA:0,(anonymous_13)
DA:1,1
DA:2,1
DA:3,1
DA:4,1
DA:6,1
DA:40,1
DA:41,23
DA:42,23
DA:43,23
DA:44,23
DA:46,23
DA:47,23
DA:48,23
DA:49,23
DA:50,23
DA:51,23
DA:52,23
DA:53,23
DA:54,23
DA:56,23
DA:57,23
DA:58,23
DA:60,23
DA:63,23
DA:65,23
DA:66,104
DA:68,28
DA:75,28
DA:82,24
DA:90,24
DA:97,0
DA:101,23
DA:103,8
DA:105,4
DA:106,4
DA:108,4
DA:109,4
DA:111,0
DA:112,0
DA:114,8
DA:119,23
DA:121,0
DA:122,0
DA:127,23
DA:128,20
DA:135,20
DA:136,59
DA:137,59
DA:140,20
DA:141,9
DA:145,23
DA:146,4
DA:147,4
DA:149,4
DA:150,4
DA:151,4
DA:152,4
DA:154,4
DA:155,1
DA:157,4
DA:158,1
DA:160,4
DA:161,1
DA:163,4
DA:164,0
DA:167,4
DA:168,4
DA:169,16
DA:172,4
DA:173,1
DA:174,1
DA:177,4
DA:180,23
DA:181,4
DA:182,4
DA:185,4
DA:187,1
DA:188,1
DA:191,3
DA:192,3
DA:193,3
DA:196,0
DA:198,0
DA:199,0
DA:200,0
DA:203,0
DA:205,0
DA:218,0
DA:219,0
DA:221,0
DA:224,0
DA:226,3
DA:227,3
DA:229,3
DA:233,23
DA:234,1
DA:235,1
DA:236,1
DA:237,1
DA:238,1
DA:239,1
DA:240,1
DA:241,1
DA:242,1
DA:243,1
DA:244,1
DA:245,1
DA:248,23
DA:249,0
DA:250,0
DA:252,0
DA:253,0
DA:265,0
DA:266,0
DA:282,23
LF:115
LH:93
BRDA:66,0,0,28
BRDA:66,0,1,28
BRDA:66,0,2,24
BRDA:66,0,3,24
BRDA:66,0,4,0
BRDA:70,1,0,14
BRDA:70,1,1,14
BRDA:77,2,0,14
BRDA:77,2,1,14
BRDA:83,3,0,24
BRDA:83,3,1,0
BRDA:85,4,0,0
BRDA:85,4,1,24
BRDA:85,5,0,24
BRDA:85,5,1,0
BRDA:92,6,0,13
BRDA:92,6,1,11
BRDA:103,7,0,4
BRDA:103,7,1,4
BRDA:103,7,2,0
BRDA:140,8,0,9
BRDA:154,9,0,1
BRDA:155,10,0,1
BRDA:155,10,1,0
BRDA:157,11,0,1
BRDA:158,12,0,1
BRDA:158,12,1,0
BRDA:160,13,0,1
BRDA:161,14,0,1
BRDA:161,14,1,0
BRDA:163,15,0,0
BRDA:164,16,0,0
BRDA:164,16,1,0
BRDA:172,17,0,1
BRDA:172,18,0,4
BRDA:172,18,1,3
BRDA:185,19,0,1
BRDA:192,20,0,3
BRDA:192,21,0,3
BRDA:192,21,1,0
BRDA:196,22,0,0
BRDA:196,23,0,0
BRDA:196,23,1,0
BRDA:203,24,0,0
BRDA:203,24,1,0
BRDA:210,25,0,0
BRDA:210,25,1,0
BRDA:211,26,0,0
BRDA:211,26,1,0
BRDA:212,27,0,0
BRDA:212,27,1,0
BRDA:218,28,0,0
BRDA:218,28,1,0
BRDA:249,29,0,0
BRDA:249,30,0,0
BRDA:249,30,1,0
BRF:56
BRH:28
end_of_record
TN:
SF:src/lib/helpers/application.helpers.ts
FN:16,(anonymous_0)
FN:33,(anonymous_1)
FN:66,(anonymous_2)
FN:78,(anonymous_3)
FN:104,(anonymous_4)
FNF:5
FNH:0
FNDA:0,(anonymous_0)
FNDA:0,(anonymous_1)
FNDA:0,(anonymous_2)
FNDA:0,(anonymous_3)
FNDA:0,(anonymous_4)
DA:3,1
DA:16,1
DA:23,0
DA:24,0
DA:25,0
DA:27,0
DA:28,0
DA:29,0
DA:32,0
DA:33,0
DA:34,0
DA:35,0
DA:36,0
DA:37,0
DA:38,0
DA:39,0
DA:42,0
DA:47,0
DA:48,0
DA:49,0
DA:51,0
DA:52,0
DA:66,1
DA:73,0
DA:74,0
DA:75,0
DA:78,0
DA:79,0
DA:81,0
DA:82,0
DA:87,0
DA:88,0
DA:89,0
DA:91,0
DA:104,1
DA:109,0
DA:110,0
DA:111,0
DA:113,0
DA:114,0
DA:115,0
DA:117,0
DA:118,0
DA:119,0
DA:122,0
DA:124,0
DA:125,0
DA:127,0
DA:128,0
LF:49
LH:4
BRDA:25,0,0,0
BRDA:27,1,0,0
BRDA:34,2,0,0
BRDA:34,3,0,0
BRDA:34,3,1,0
BRDA:34,3,2,0
BRDA:36,4,0,0
BRDA:36,4,1,0
BRDA:38,5,0,0
BRDA:38,5,1,0
BRDA:38,6,0,0
BRDA:38,6,1,0
BRDA:48,7,0,0
BRDA:48,7,1,0
BRDA:73,8,0,0
BRDA:79,9,0,0
BRDA:82,10,0,0
BRDA:82,10,1,0
BRDA:82,10,2,0
BRDA:82,10,3,0
BRDA:82,10,4,0
BRDA:82,10,5,0
BRDA:82,10,6,0
BRDA:87,11,0,0
BRDA:87,11,1,0
BRDA:88,12,0,0
BRDA:88,12,1,0
BRDA:89,13,0,0
BRDA:89,13,1,0
BRDA:91,14,0,0
BRDA:91,14,1,0
BRDA:91,14,2,0
BRDA:91,14,3,0
BRDA:109,15,0,0
BRDA:113,16,0,0
BRDA:113,17,0,0
BRDA:113,17,1,0
BRDA:117,18,0,0
BRDA:117,19,0,0
BRDA:117,19,1,0
BRDA:124,20,0,0
BRF:41
BRH:0
end_of_record
TN:
SF:src/lib/helpers/date.helpers.ts
FN:10,(anonymous_0)
FN:20,(anonymous_1)
FN:39,(anonymous_2)
FN:51,(anonymous_3)
FN:66,(anonymous_4)
FNF:5
FNH:1
FNDA:1,(anonymous_0)
FNDA:0,(anonymous_1)
FNDA:0,(anonymous_2)
FNDA:0,(anonymous_3)
FNDA:0,(anonymous_4)
DA:10,1
DA:11,1
DA:20,1
DA:25,0
DA:26,0
DA:28,0
DA:29,0
DA:39,1
DA:40,0
DA:41,0
DA:42,0
DA:43,0
DA:51,1
DA:52,0
DA:53,0
DA:55,0
DA:66,1
DA:67,0
DA:68,0
DA:69,0
LF:20
LH:6
BRDA:22,0,0,0
BRDA:23,1,0,0
BRDA:39,2,0,0
BRDA:40,3,0,0
BRDA:40,3,1,0
BRDA:41,4,0,0
BRDA:41,4,1,0
BRDA:55,5,0,0
BRDA:55,5,1,0
BRDA:55,5,2,0
BRF:10
BRH:0
end_of_record
TN:
SF:src/lib/helpers/index.ts
FNF:0
FNH:0
DA:7,1
DA:8,1
DA:9,1
DA:10,1
DA:11,1
DA:14,1
DA:15,1
DA:16,1
DA:17,1
DA:18,1
DA:22,1
DA:23,1
DA:24,1
DA:25,1
DA:26,1
LF:15
LH:15
BRF:0
BRH:0
end_of_record
TN:
SF:src/lib/helpers/status.helpers.ts
FN:11,(anonymous_0)
FN:28,(anonymous_1)
FN:45,(anonymous_2)
FN:62,(anonymous_3)
FNF:4
FNH:0
FNDA:0,(anonymous_0)
FNDA:0,(anonymous_1)
FNDA:0,(anonymous_2)
FNDA:0,(anonymous_3)
DA:11,1
DA:12,0
DA:20,0
DA:28,1
DA:29,0
DA:37,0
DA:45,1
DA:46,0
DA:54,0
DA:62,1
DA:63,0
LF:11
LH:4
BRDA:20,0,0,0
BRDA:20,0,1,0
BRDA:37,1,0,0
BRDA:37,1,1,0
BRDA:54,2,0,0
BRDA:54,2,1,0
BRF:6
BRH:0
end_of_record
TN:
SF:src/lib/helpers/string.helpers.ts
FN:11,(anonymous_0)
FN:16,(anonymous_1)
FN:27,(anonymous_2)
FN:32,(anonymous_3)
FN:42,(anonymous_4)
FN:54,(anonymous_5)
FN:72,(anonymous_6)
FNF:7
FNH:0
FNDA:0,(anonymous_0)
FNDA:0,(anonymous_1)
FNDA:0,(anonymous_2)
FNDA:0,(anonymous_3)
FNDA:0,(anonymous_4)
FNDA:0,(anonymous_5)
FNDA:0,(anonymous_6)
DA:11,1
DA:12,0
DA:14,0
DA:16,0
DA:27,1
DA:28,0
DA:30,0
DA:32,0
DA:42,1
DA:43,0
DA:44,0
DA:46,0
DA:54,1
DA:55,0
DA:57,0
DA:72,1
DA:73,0
DA:74,0
LF:18
LH:5
BRDA:12,0,0,0
BRDA:12,1,0,0
BRDA:12,1,1,0
BRDA:28,2,0,0
BRDA:42,3,0,0
BRDA:43,4,0,0
BRDA:44,5,0,0
BRDA:55,6,0,0
BRDA:73,7,0,0
BRF:9
BRH:0
end_of_record
TN:
SF:src/lib/helpers/validation.helpers.ts
FN:11,(anonymous_0)
FN:26,(anonymous_1)
FN:36,(anonymous_2)
FN:47,(anonymous_3)
FNF:4
FNH:1
FNDA:0,(anonymous_0)
FNDA:0,(anonymous_1)
FNDA:160,(anonymous_2)
FNDA:0,(anonymous_3)
DA:11,1
DA:12,0
DA:13,0
DA:14,0
DA:16,0
DA:17,0
DA:26,1
DA:27,0
DA:28,0
DA:36,1
DA:37,160
DA:47,1
DA:48,0
LF:13
LH:5
BRDA:37,0,0,160
BRDA:37,0,1,160
BRDA:37,0,2,160
BRDA:48,1,0,0
BRDA:48,1,1,0
BRF:5
BRH:3
end_of_record
TN:
SF:src/store/auth/authStore.ts
FN:8,(anonymous_0)
FN:17,(anonymous_1)
FN:26,(anonymous_2)
FN:32,(anonymous_3)
FN:65,(anonymous_4)
FN:107,(anonymous_5)
FN:160,(anonymous_6)
FN:170,(anonymous_7)
FN:186,(anonymous_8)
FN:200,(anonymous_9)
FN:223,(anonymous_10)
FNF:11
FNH:10
FNDA:2,(anonymous_0)
FNDA:2,(anonymous_1)
FNDA:2,(anonymous_2)
FNDA:3,(anonymous_3)
FNDA:2,(anonymous_4)
FNDA:2,(anonymous_5)
FNDA:1,(anonymous_6)
FNDA:2,(anonymous_7)
FNDA:1,(anonymous_8)
FNDA:0,(anonymous_9)
FNDA:32,(anonymous_10)
DA:1,2
DA:2,2
DA:4,2
DA:5,2
DA:6,2
DA:8,2
DA:9,2
DA:10,2
DA:11,2
DA:13,0
DA:17,2
DA:18,2
DA:19,0
DA:21,2
DA:24,2
DA:26,2
DA:33,3
DA:34,3
DA:35,1
DA:36,1
DA:39,2
DA:40,1
DA:41,1
DA:44,1
DA:45,1
DA:47,1
DA:57,0
DA:59,1
DA:60,1
DA:61,1
DA:66,2
DA:68,2
DA:69,2
DA:71,1
DA:72,1
DA:75,1
DA:88,1
DA:89,1
DA:91,1
DA:93,1
DA:95,1
DA:96,1
DA:97,1
DA:99,0
DA:101,0
DA:114,2
DA:116,2
DA:117,2
DA:125,1
DA:128,1
DA:129,1
DA:133,1
DA:146,1
DA:147,1
DA:148,1
DA:149,1
DA:150,1
DA:154,0
DA:162,1
DA:172,2
DA:173,2
DA:174,2
DA:175,0
DA:178,2
DA:179,2
DA:180,1
DA:181,1
DA:184,2
DA:186,1
DA:189,1
DA:191,1
DA:192,1
DA:194,0
DA:196,1
DA:201,0
DA:202,0
DA:203,0
DA:205,0
DA:216,0
DA:223,32
LF:80
LH:67
BRDA:11,0,0,2
BRDA:11,0,1,0
BRDA:18,1,0,0
BRDA:21,2,0,2
BRDA:21,2,1,0
BRDA:34,3,0,1
BRDA:39,4,0,1
BRDA:52,5,0,0
BRDA:52,5,1,0
BRDA:53,6,0,0
BRDA:53,6,1,0
BRDA:53,6,2,0
BRDA:82,7,0,1
BRDA:82,7,1,0
BRDA:83,8,0,1
BRDA:83,8,1,0
BRDA:83,8,2,0
BRDA:93,9,0,1
BRDA:96,10,0,1
BRDA:102,11,0,0
BRDA:102,11,1,0
BRDA:138,12,0,1
BRDA:138,12,1,0
BRDA:139,13,0,1
BRDA:139,13,1,0
BRDA:149,14,0,1
BRDA:151,15,0,1
BRDA:151,15,1,0
BRDA:155,16,0,0
BRDA:155,16,1,0
BRDA:174,17,0,0
BRDA:179,18,0,1
BRDA:187,19,0,1
BRDA:187,19,1,0
BRDA:192,20,0,0
BRDA:202,21,0,0
BRDA:202,21,1,0
BRDA:210,22,0,0
BRDA:210,22,1,0
BRDA:211,23,0,0
BRDA:211,23,1,0
BRDA:211,23,2,0
BRF:42
BRH:14
end_of_record
